


materialPath: D:\Program Files (x86)\Steam\steamapps\sourcemods\Fortress_Obscura\materials
Loading D:\Program Files (x86)\Steam\steamapps\sourcemods\Fortress_Obscura\maps\ctp_3purifier.vmf
Map revision 272
fixing up env_cubemap materials on brush sides...
0...1...2...3...4...5...6...7...8...9...10**** leaked ****
Entity prop_static (-192.00 2272.00 135.88) leaked!
--- MAP LEAKED ---



8 threads
reading d:\program files (x86)\steam\steamapps\sourcemods\fortress_obscura\maps\ctp_3purifier.bsp
Error opening d:\program files (x86)\steam\steamapps\sourcemods\fortress_obscura\maps\ctp_3purifier.bsp


materialPath: D:\Program Files (x86)\Steam\steamapps\sourcemods\Fortress_Obscura\materials
Loading D:\Program Files (x86)\Steam\steamapps\sourcemods\Fortress_Obscura\maps\ctp_3purifier.vmf
Map revision 273
fixing up env_cubemap materials on brush sides...
0...1...2...3...4...5...6...7...8...9...10**** leaked ****
Entity prop_static (-784.00 1360.00 304.00) leaked!
--- MAP LEAKED ---



8 threads
reading d:\program files (x86)\steam\steamapps\sourcemods\fortress_obscura\maps\ctp_3purifier.bsp
Error opening d:\program files (x86)\steam\steamapps\sourcemods\fortress_obscura\maps\ctp_3purifier.bsp


materialPath: D:\Program Files (x86)\Steam\steamapps\sourcemods\Fortress_Obscura\materials
Loading D:\Program Files (x86)\Steam\steamapps\sourcemods\Fortress_Obscura\maps\ctp_3purifier.vmf
Map revision 274
fixing up env_cubemap materials on brush sides...
0...1...2...3...4...5...6...7...8...9...10**** leaked ****
Entity prop_static (-784.00 1360.00 304.00) leaked!
--- MAP LEAKED ---



8 threads
reading d:\program files (x86)\steam\steamapps\sourcemods\fortress_obscura\maps\ctp_3purifier.bsp
Error opening d:\program files (x86)\steam\steamapps\sourcemods\fortress_obscura\maps\ctp_3purifier.bsp


materialPath: D:\Program Files (x86)\Steam\steamapps\sourcemods\Fortress_Obscura\materials
Loading D:\Program Files (x86)\Steam\steamapps\sourcemods\Fortress_Obscura\maps\ctp_3purifier.vmf
Map revision 274
fixing up env_cubemap materials on brush sides...
0...1...2...3...4...5...6...7...8...9...10**** leaked ****
Entity prop_static (-192.00 2272.00 135.88) leaked!
--- MAP LEAKED ---



8 threads
reading d:\program files (x86)\steam\steamapps\sourcemods\fortress_obscura\maps\ctp_3purifier.bsp
Error opening d:\program files (x86)\steam\steamapps\sourcemods\fortress_obscura\maps\ctp_3purifier.bsp


materialPath: D:\Program Files (x86)\Steam\steamapps\sourcemods\Fortress_Obscura\materials
Loading D:\Program Files (x86)\Steam\steamapps\sourcemods\Fortress_Obscura\maps\ctp_3purifier.vmf
Map revision 274
fixing up env_cubemap materials on brush sides...
0...1...2...3...4...5...6...7...8...9...10**** leaked ****
Entity prop_static (-2382.53 -3777.33 128.50) leaked!
--- MAP LEAKED ---



8 threads
reading d:\program files (x86)\steam\steamapps\sourcemods\fortress_obscura\maps\ctp_3purifier.bsp
Error opening d:\program files (x86)\steam\steamapps\sourcemods\fortress_obscura\maps\ctp_3purifier.bsp


materialPath: D:\Program Files (x86)\Steam\steamapps\sourcemods\Fortress_Obscura\materials
Loading D:\Program Files (x86)\Steam\steamapps\sourcemods\Fortress_Obscura\maps\ctp_3purifier.vmf
Map revision 275
fixing up env_cubemap materials on brush sides...
0...1...2...3...4...5...6...7...8...9...100...1...2...3...4...5...6...7...8...9...10Processing areas...done (0)
Building Faces...done (0)
Chop Details...done (0)
Find Visible Detail Sides...done (0)
Merging details...done (0)
FixTjuncs...
PruneNodes...
WriteBSP...
done (0)
writing D:\Program Files (x86)\Steam\steamapps\sourcemods\Fortress_Obscura\maps\ctp_3purifier.prt...Building visibility clusters...
done (0)
Finding displacement neighbors...
Finding lightmap sample positions...
Displacement Alpha : 0...1...2...3...4...5...6...7...8...9...10
Building Physics collision data...
done (0) (587961 bytes)
Placing detail props : 0...1...2...3...4...5...6...7...8...9...10
Water found with no water_lod_control entity, creating a default one.
Compacting texture/material tables...
Reduced 1417 texinfos to 921
Reduced 15 texdatas to 14 (349 bytes to 292)
Writing D:\Program Files (x86)\Steam\steamapps\sourcemods\Fortress_Obscura\maps\ctp_3purifier.bsp
Wrote ZIP buffer, estimated size 87441, actual size 87093
2 seconds elapsed



8 threads
reading d:\program files (x86)\steam\steamapps\sourcemods\fortress_obscura\maps\ctp_3purifier.bsp
reading d:\program files (x86)\steam\steamapps\sourcemods\fortress_obscura\maps\ctp_3purifier.prt
1908 portalclusters
5153 numportals
0...1...2...3...4...5...6...7...8...9...10Optimized: 283455 visible clusters (0.00%)
Total clusters visible: 2240514
Average clusters visible: 1174
Building PAS...
Average clusters audible: 1858
visdatasize:813524  compressed from 915840
writing d:\program files (x86)\steam\steamapps\sourcemods\fortress_obscura\maps\ctp_3purifier.bsp
0 seconds elapsed



[Reading texlights from 'lights.rad']
[34 texlights parsed from 'lights.rad']

Loading d:\program files (x86)\steam\steamapps\sourcemods\fortress_obscura\maps\ctp_3purifier.bsp
7359 faces
1118186 square feet [161018896.00 square inches]
0 Displacements
0 Square Feet [0.00 Square Inches]
7359 patches before subdivision
161791 patches after subdivision
0 direct lights
0...1...2...3...4...5...6...7...8...9...100...1...2...3...4...5...6...7...8...9...10transfers 19682056, max 529
transfer lists: 150.2 megs
0...1...2...3...4...5...6...7...8...9...10	Bounce #1 added RGB(0, 0, 0)
Build Patch/Sample Hash Table(s).....Done<0.0398 sec>
0...1...2...3...4...5...6...7...8...9...10FinalLightFace Done
0 of 0 (0% of) surface lights went in leaf ambient cubes.
0...1...2...3...4...5...6...7...8...9...10Writing leaf ambient...done
Computing static prop lighting : 00...1...2...3...4...5...6...7...8...9...10
Ready to Finish

Object names       Objects/Maxobjs  Memory / Maxmem  Fullness 
------------       ---------------  ---------------  -------- 
models                   4/4096          192/196608   ( 0.1%) 
brushes               1663/32768       19956/393216   ( 5.1%) 
brushsides           14974/65536      119792/524288   (22.8%) 
planes                9298/65536      185960/1310720  (14.2%) 
vertexes             11844/65536      142128/786432   (18.1%) 
nodes                 4504/65536      144128/2097152  ( 6.9%) 
texinfos               921/12288       66312/884736   ( 7.5%) 
texdata                 14/2048          448/65536    ( 0.7%) 
dispinfos                0/0               0/0        ( 0.0%) 
disp_verts               0/0               0/0        ( 0.0%) 
disp_tris                0/0               0/0        ( 0.0%) 
disp_lmsamples           0/0               0/0        ( 0.0%) 
faces                 7359/65536      412104/3670016  (11.2%) 
hdr faces             7359/65536      412104/3670016  (11.2%) 
origfaces             3913/65536      219128/3670016  ( 6.0%) 
leaves                4509/65536      144288/2097152  ( 6.9%) 
leaffaces             8619/65536       17238/131072   (13.2%) 
leafbrushes           3992/65536        7984/131072   ( 6.1%) 
areas                    2/1024           16/8192     ( 0.2%) 
surfedges            50637/512000     202548/2048000  ( 9.9%) 
edges                30016/256000     120064/1024000  (11.7%) 
LDR worldlights          0/16384           0/1441792  ( 0.0%) 
HDR worldlights          0/16384           0/1441792  ( 0.0%) 
leafwaterdata            1/32768          12/393216   ( 0.0%) 
waterstrips            677/131072       6770/1310720  ( 0.5%) 
waterverts               0/131072          0/1572864  ( 0.0%) 
waterindices         10215/131072      20430/262144   ( 7.8%) 
cubemapsamples           0/1024            0/16384    ( 0.0%) 
overlays                 6/1024         2112/360448   ( 0.6%) 
LDR lightdata         [variable]           0/0        ( 0.0%) 
HDR lightdata         [variable]     4992764/0        ( 0.0%) 
visdata               [variable]      813524/16777216 ( 4.8%) 
entdata               [variable]       11374/393216   ( 2.9%) 
LDR ambient table     4509/65536       18036/262144   ( 6.9%) 
HDR ambient table     4509/65536       18036/262144   ( 6.9%) 
LDR leaf ambient      4509/65536      126252/1835008  ( 6.9%) 
HDR leaf ambient      1926/65536       53928/1835008  ( 2.9%) 
occluders                0/0               0/0        ( 0.0%) 
occluder polygons        0/0               0/0        ( 0.0%) 
occluder vert ind        0/0               0/0        ( 0.0%) 
detail props          [variable]           1/12       ( 8.3%) 
static props          [variable]           1/14776    ( 0.0%) 
pakfile               [variable]     1974257/0        ( 0.0%) 
physics               [variable]      587961/4194304  (14.0%) 
physics terrain       [variable]           2/1048576  ( 0.0%) 

Level flags = 2

Total triangle count: 20308
Writing d:\program files (x86)\steam\steamapps\sourcemods\fortress_obscura\maps\ctp_3purifier.bsp
41 seconds elapsed



materialPath: D:\Program Files (x86)\Steam\steamapps\sourcemods\Fortress_Obscura\materials
Loading D:\Program Files (x86)\Steam\steamapps\sourcemods\Fortress_Obscura\maps\ctp_3purifier.vmf
Map revision 277
fixing up env_cubemap materials on brush sides...
0...1...2...3...4...5...6...7...8...9...100...1...2...3...4...5...6...7...8...9...10Processing areas...done (0)
Building Faces...done (0)
Chop Details...done (0)
Find Visible Detail Sides...done (0)
Merging details...done (0)
FixTjuncs...
PruneNodes...
WriteBSP...
done (0)
writing D:\Program Files (x86)\Steam\steamapps\sourcemods\Fortress_Obscura\maps\ctp_3purifier.prt...Building visibility clusters...
done (0)
Finding displacement neighbors...
Finding lightmap sample positions...
Displacement Alpha : 0...1...2...3...4...5...6...7...8...9...10
Building Physics collision data...
done (1) (587961 bytes)
Placing detail props : 0...1...2...3...4...5...6...7...8...9...10
Water found with no water_lod_control entity, creating a default one.
Compacting texture/material tables...
Reduced 1417 texinfos to 921
Reduced 15 texdatas to 14 (349 bytes to 292)
Writing D:\Program Files (x86)\Steam\steamapps\sourcemods\Fortress_Obscura\maps\ctp_3purifier.bsp
Wrote ZIP buffer, estimated size 87441, actual size 87093
2 seconds elapsed



8 threads
reading d:\program files (x86)\steam\steamapps\sourcemods\fortress_obscura\maps\ctp_3purifier.bsp
reading d:\program files (x86)\steam\steamapps\sourcemods\fortress_obscura\maps\ctp_3purifier.prt
   1 portalclusters
   0 numportals
0...1...2...3...4...5...6...7...8...9...10Optimized: 0 visible clusters (0.00%)
Total clusters visible: 1
Average clusters visible: 1
Building PAS...
Average clusters audible: 1
visdatasize:14  compressed from 16
writing d:\program files (x86)\steam\steamapps\sourcemods\fortress_obscura\maps\ctp_3purifier.bsp
0 seconds elapsed



[Reading texlights from 'lights.rad']
[34 texlights parsed from 'lights.rad']

Loading d:\program files (x86)\steam\steamapps\sourcemods\fortress_obscura\maps\ctp_3purifier.bsp
7359 faces
1118186 square feet [161018896.00 square inches]
0 Displacements
0 Square Feet [0.00 Square Inches]
7359 patches before subdivision
161791 patches after subdivision
2 direct lights
0...1...2...3...4...5...6...7...8...9...100


materialPath: D:\Program Files (x86)\Steam\steamapps\sourcemods\Fortress_Obscura\materials
Loading D:\Program Files (x86)\Steam\steamapps\sourcemods\Fortress_Obscura\maps\ctp_3purifier.vmf
Map revision 278
fixing up env_cubemap materials on brush sides...
0...1...2...3...4...5...6...7...8...9...100...1...2...3...4...5...6...7...8...9...10Processing areas...done (0)
Building Faces...done (0)
Chop Details...done (0)
Find Visible Detail Sides...done (0)
Merging details...done (0)
FixTjuncs...
PruneNodes...
WriteBSP...
done (0)
writing D:\Program Files (x86)\Steam\steamapps\sourcemods\Fortress_Obscura\maps\ctp_3purifier.prt...Building visibility clusters...
done (0)
Finding displacement neighbors...
Finding lightmap sample positions...
Displacement Alpha : 0...1...2...3...4...5...6...7...8...9...10
Building Physics collision data...
done (0) (587961 bytes)
Placing detail props : 0...1...2...3...4...5...6...7...8...9...10
Water found with no water_lod_control entity, creating a default one.
Compacting texture/material tables...
Reduced 1417 texinfos to 921
Reduced 15 texdatas to 14 (349 bytes to 292)
Writing D:\Program Files (x86)\Steam\steamapps\sourcemods\Fortress_Obscura\maps\ctp_3purifier.bsp
Wrote ZIP buffer, estimated size 87441, actual size 87093
2 seconds elapsed



8 threads
reading d:\program files (x86)\steam\steamapps\sourcemods\fortress_obscura\maps\ctp_3purifier.bsp
reading d:\program files (x86)\steam\steamapps\sourcemods\fortress_obscura\maps\ctp_3purifier.prt
1908 portalclusters
5153 numportals
0...1...2...3...4...5...6...7...8...9...10Optimized: 103587 visible clusters (0.00%)
Total clusters visible: 1522978
Average clusters visible: 798
Building PAS...
Average clusters audible: 1785
visdatasize:732846  compressed from 915840
writing d:\program files (x86)\steam\steamapps\sourcemods\fortress_obscura\maps\ctp_3purifier.bsp
0 seconds elapsed



[Reading texlights from 'lights.rad']
[34 texlights parsed from 'lights.rad']

Loading d:\program files (x86)\steam\steamapps\sourcemods\fortress_obscura\maps\ctp_3purifier.bsp
7359 faces
1118186 square feet [161018896.00 square inches]
0 Displacements
0 Square Feet [0.00 Square Inches]
7359 patches before subdivision
7359 patches after subdivision
2 direct lights
0...1...2...3...4...5...6...7...8...9...100...1...2...3...4...5...6...7...8...9...10transfers 721191, max 355
transfer lists:   5.5 megs
0...1...2...3...4...5...6...7...8...9...10	Bounce #1 added RGB(43784, 37019, 45110)
0...1...2...3...4...5...6...7...8...9...10	Bounce #2 added RGB(11339, 9061, 11251)
0...1...2...3...4...5...6...7...8...9...10	Bounce #3 added RGB(3247, 2519, 3149)
0...1...2...3...4...5...6...7...8...9...10	Bounce #4 added RGB(961, 718, 908)
0...1...2...3...4...5...6...7...8...9...10	Bounce #5 added RGB(294, 216, 275)
0...1...2...3...4...5...6...7...8...9...10	Bounce #6 added RGB(93, 67, 86)
0...1...2...3...4...5...6...7...8...9...10	Bounce #7 added RGB(30, 21, 27)
0...1...2...3...4...5...6...7...8...9...10	Bounce #8 added RGB(10, 7, 9)
0...1...2...3...4...5...6...7...8...9...10	Bounce #9 added RGB(3, 2, 3)
0...1...2...3...4...5...6...7...8...9...10	Bounce #10 added RGB(1, 1, 1)
0...1...2...3...4...5...6...7...8...9...10	Bounce #11 added RGB(0, 0, 0)
Build Patch/Sample Hash Table(s).....Done<0.0437 sec>
0...1...2...3...4...5...6...7...8...9...10FinalLightFace Done
0 of 0 (0% of) surface lights went in leaf ambient cubes.
0...1...2...3...4...5...6...7...8...9...10Writing leaf ambient...done
Ready to Finish

Object names       Objects/Maxobjs  Memory / Maxmem  Fullness 
------------       ---------------  ---------------  -------- 
models                   4/4096          192/196608   ( 0.1%) 
brushes               1663/32768       19956/393216   ( 5.1%) 
brushsides           14974/65536      119792/524288   (22.8%) 
planes                9298/65536      185960/1310720  (14.2%) 
vertexes             11844/65536      142128/786432   (18.1%) 
nodes                 4504/65536      144128/2097152  ( 6.9%) 
texinfos               921/12288       66312/884736   ( 7.5%) 
texdata                 14/2048          448/65536    ( 0.7%) 
dispinfos                0/0               0/0        ( 0.0%) 
disp_verts               0/0               0/0        ( 0.0%) 
disp_tris                0/0               0/0        ( 0.0%) 
disp_lmsamples           0/0               0/0        ( 0.0%) 
faces                 7359/65536      412104/3670016  (11.2%) 
hdr faces                0/65536           0/3670016  ( 0.0%) 
origfaces             3913/65536      219128/3670016  ( 6.0%) 
leaves                4509/65536      144288/2097152  ( 6.9%) 
leaffaces             8619/65536       17238/131072   (13.2%) 
leafbrushes           3992/65536        7984/131072   ( 6.1%) 
areas                    2/1024           16/8192     ( 0.2%) 
surfedges            50637/512000     202548/2048000  ( 9.9%) 
edges                30016/256000     120064/1024000  (11.7%) 
LDR worldlights          2/16384         176/1441792  ( 0.0%) 
HDR worldlights          0/16384           0/1441792  ( 0.0%) 
leafwaterdata            1/32768          12/393216   ( 0.0%) 
waterstrips            677/131072       6770/1310720  ( 0.5%) 
waterverts               0/131072          0/1572864  ( 0.0%) 
waterindices         10215/131072      20430/262144   ( 7.8%) 
cubemapsamples           0/1024            0/16384    ( 0.0%) 
overlays                 6/1024         2112/360448   ( 0.6%) 
LDR lightdata         [variable]     4992764/0        ( 0.0%) 
HDR lightdata         [variable]           0/0        ( 0.0%) 
visdata               [variable]      732846/16777216 ( 4.4%) 
entdata               [variable]       12569/393216   ( 3.2%) 
LDR ambient table     4509/65536       18036/262144   ( 6.9%) 
HDR ambient table     4509/65536       18036/262144   ( 6.9%) 
LDR leaf ambient     20011/65536      560308/1835008  (30.5%) 
HDR leaf ambient      4509/65536      126252/1835008  ( 6.9%) 
occluders                0/0               0/0        ( 0.0%) 
occluder polygons        0/0               0/0        ( 0.0%) 
occluder vert ind        0/0               0/0        ( 0.0%) 
detail props          [variable]           1/12       ( 8.3%) 
static props          [variable]           1/14776    ( 0.0%) 
pakfile               [variable]       87093/0        ( 0.0%) 
physics               [variable]      587961/4194304  (14.0%) 
physics terrain       [variable]           2/1048576  ( 0.0%) 

Level flags = 1

Total triangle count: 20308
Writing d:\program files (x86)\steam\steamapps\sourcemods\fortress_obscura\maps\ctp_3purifier.bsp
30 seconds elapsed



[Reading texlights from 'lights.rad']
[34 texlights parsed from 'lights.rad']

Loading d:\program files (x86)\steam\steamapps\sourcemods\fortress_obscura\maps\ctp_3purifier.bsp
7359 faces
1118186 square feet [161018896.00 square inches]
0 Displacements
0 Square Feet [0.00 Square Inches]
7359 patches before subdivision
7359 patches after subdivision
2 direct lights
0...1...2...3...4...5...6...7...8...9...100...1...2...3...4...5...6...7...8...9...10transfers 721191, max 355
transfer lists:   5.5 megs
0...1...2...3...4...5...6...7...8...9...10	Bounce #1 added RGB(43784, 37019, 45110)
0...1...2...3...4...5...6...7...8...9...10	Bounce #2 added RGB(11339, 9061, 11251)
0...1...2...3...4...5...6...7...8...9...10	Bounce #3 added RGB(3247, 2519, 3149)
0...1...2...3...4...5...6...7...8...9...10	Bounce #4 added RGB(961, 718, 908)
0...1...2...3...4...5...6...7...8...9...10	Bounce #5 added RGB(294, 216, 275)
0...1...2...3...4...5...6...7...8...9...10	Bounce #6 added RGB(93, 67, 86)
0...1...2...3...4...5...6...7...8...9...10	Bounce #7 added RGB(30, 21, 27)
0...1...2...3...4...5...6...7...8...9...10	Bounce #8 added RGB(10, 7, 9)
0...1...2...3...4...5...6...7...8...9...10	Bounce #9 added RGB(3, 2, 3)
0...1...2...3...4...5...6...7...8...9...10	Bounce #10 added RGB(1, 1, 1)
0...1...2...3...4...5...6...7...8...9...10	Bounce #11 added RGB(0, 0, 0)
Build Patch/Sample Hash Table(s).....Done<0.0447 sec>
0...1...2...3...4...5...6...7...8...9...10FinalLightFace Done
0 of 0 (0% of) surface lights went in leaf ambient cubes.
0...1...2...3...4...5...6...7...8...9...10Writing leaf ambient...done
Ready to Finish

Object names       Objects/Maxobjs  Memory / Maxmem  Fullness 
------------       ---------------  ---------------  -------- 
models                   4/4096          192/196608   ( 0.1%) 
brushes               1663/32768       19956/393216   ( 5.1%) 
brushsides           14974/65536      119792/524288   (22.8%) 
planes                9298/65536      185960/1310720  (14.2%) 
vertexes             11844/65536      142128/786432   (18.1%) 
nodes                 4504/65536      144128/2097152  ( 6.9%) 
texinfos               921/12288       66312/884736   ( 7.5%) 
texdata                 14/2048          448/65536    ( 0.7%) 
dispinfos                0/0               0/0        ( 0.0%) 
disp_verts               0/0               0/0        ( 0.0%) 
disp_tris                0/0               0/0        ( 0.0%) 
disp_lmsamples           0/0               0/0        ( 0.0%) 
faces                 7359/65536      412104/3670016  (11.2%) 
hdr faces             7359/65536      412104/3670016  (11.2%) 
origfaces             3913/65536      219128/3670016  ( 6.0%) 
leaves                4509/65536      144288/2097152  ( 6.9%) 
leaffaces             8619/65536       17238/131072   (13.2%) 
leafbrushes           3992/65536        7984/131072   ( 6.1%) 
areas                    2/1024           16/8192     ( 0.2%) 
surfedges            50637/512000     202548/2048000  ( 9.9%) 
edges                30016/256000     120064/1024000  (11.7%) 
LDR worldlights          2/16384         176/1441792  ( 0.0%) 
HDR worldlights          2/16384         176/1441792  ( 0.0%) 
leafwaterdata            1/32768          12/393216   ( 0.0%) 
waterstrips            677/131072       6770/1310720  ( 0.5%) 
waterverts               0/131072          0/1572864  ( 0.0%) 
waterindices         10215/131072      20430/262144   ( 7.8%) 
cubemapsamples           0/1024            0/16384    ( 0.0%) 
overlays                 6/1024         2112/360448   ( 0.6%) 
LDR lightdata         [variable]     4992764/0        ( 0.0%) 
HDR lightdata         [variable]     4992764/0        ( 0.0%) 
visdata               [variable]      732846/16777216 ( 4.4%) 
entdata               [variable]       12569/393216   ( 3.2%) 
LDR ambient table     4509/65536       18036/262144   ( 6.9%) 
HDR ambient table     4509/65536       18036/262144   ( 6.9%) 
LDR leaf ambient     20011/65536      560308/1835008  (30.5%) 
HDR leaf ambient     20011/65536      560308/1835008  (30.5%) 
occluders                0/0               0/0        ( 0.0%) 
occluder polygons        0/0               0/0        ( 0.0%) 
occluder vert ind        0/0               0/0        ( 0.0%) 
detail props          [variable]           1/12       ( 8.3%) 
static props          [variable]           1/14776    ( 0.0%) 
pakfile               [variable]       87093/0        ( 0.0%) 
physics               [variable]      587961/4194304  (14.0%) 
physics terrain       [variable]           2/1048576  ( 0.0%) 

Level flags = 3

Total triangle count: 20308
Writing d:\program files (x86)\steam\steamapps\sourcemods\fortress_obscura\maps\ctp_3purifier.bsp
31 seconds elapsed



materialPath: D:\Program Files (x86)\Steam\steamapps\sourcemods\Fortress_Obscura\materials
Loading D:\Program Files (x86)\Steam\steamapps\sourcemods\Fortress_Obscura\maps\ctp_3purifier.vmf
Map revision 284
ConVarRef mat_reduceparticles doesn't point to an existing ConVar
fixing up env_cubemap materials on brush sides...
0...1...2...3...4...5...6...7...8...9...100...1...2...3...4...5...6...7...8...9...10Processing areas...done (0)
Building Faces...done (0)
Chop Details...done (0)
Find Visible Detail Sides...done (0)
Merging details...done (0)
FixTjuncs...
PruneNodes...
WriteBSP...
done (0)
writing D:\Program Files (x86)\Steam\steamapps\sourcemods\Fortress_Obscura\maps\ctp_3purifier.prt...Building visibility clusters...
done (0)
Finding displacement neighbors...
Finding lightmap sample positions...
Displacement Alpha : 0...1...2...3...4...5...6...7...8...9...10
Building Physics collision data...
done (1) (629222 bytes)
Placing detail props : 0...1...2...3...4...5...6...7...8...9...10
Water found with no water_lod_control entity, creating a default one.
Compacting texture/material tables...
Reduced 1527 texinfos to 952
Reduced 22 texdatas to 21 (518 bytes to 461)
Writing D:\Program Files (x86)\Steam\steamapps\sourcemods\Fortress_Obscura\maps\ctp_3purifier.bsp
Wrote ZIP buffer, estimated size 87441, actual size 87093
3 seconds elapsed



8 threads
reading d:\program files (x86)\steam\steamapps\sourcemods\fortress_obscura\maps\ctp_3purifier.bsp
reading d:\program files (x86)\steam\steamapps\sourcemods\fortress_obscura\maps\ctp_3purifier.prt
1949 portalclusters
5269 numportals
0...1...2...3...4...5...6...7...8...9...10Optimized: 121496 visible clusters (0.00%)
Total clusters visible: 1609344
Average clusters visible: 825
Building PAS...
Average clusters audible: 1826
visdatasize:766320  compressed from 966704
writing d:\program files (x86)\steam\steamapps\sourcemods\fortress_obscura\maps\ctp_3purifier.bsp
1 second elapsed



[Reading texlights from 'lights.rad']
[34 texlights parsed from 'lights.rad']

Loading d:\program files (x86)\steam\steamapps\sourcemods\fortress_obscura\maps\ctp_3purifier.bsp
7700 faces
1174523 square feet [169131328.00 square inches]
0 Displacements
0 Square Feet [0.00 Square Inches]
7700 patches before subdivision
7700 patches after subdivision
242 direct lights
0...1...2...3...4...5...6...7...8...9...100...1...2...3...4...5...6...7...8...9...10transfers 731731, max 360
transfer lists:   5.6 megs
0...1...2...3...4...5...6...7...8...9...10	Bounce #1 added RGB(89856, 80605, 89133)
0...1...2...3...4...5...6...7...8...9...10	Bounce #2 added RGB(23249, 19838, 22900)
0...1...2...3...4...5...6...7...8...9...10	Bounce #3 added RGB(6608, 5334, 6534)
0...1...2...3...4...5...6...7...8...9...10	Bounce #4 added RGB(1965, 1456, 1936)
0...1...2...3...4...5...6...7...8...9...10	Bounce #5 added RGB(609, 413, 602)
0...1...2...3...4...5...6...7...8...9...10	Bounce #6 added RGB(195, 119, 193)
0...1...2...3...4...5...6...7...8...9...10	Bounce #7 added RGB(64, 35, 63)
0...1...2...3...4...5...6...7...8...9...10	Bounce #8 added RGB(21, 10, 21)
0...1...2...3...4...5...6...7...8...9...10	Bounce #9 added RGB(7, 3, 7)
0...1...2...3...4...5...6...7...8...9...10	Bounce #10 added RGB(2, 1, 2)
0...1...2...3...4...5...6...7...8...9...10	Bounce #11 added RGB(1, 0, 1)
Build Patch/Sample Hash Table(s).....Done<0.0439 sec>
0...1...2...3...4...5...6...7...8...9...10FinalLightFace Done
0 of 0 (0% of) surface lights went in leaf ambient cubes.
0...1...2...3...4...5...6...7...8...9...10Writing leaf ambient...done
Ready to Finish

Object names       Objects/Maxobjs  Memory / Maxmem  Fullness 
------------       ---------------  ---------------  -------- 
models                  52/4096         2496/196608   ( 1.3%) 
brushes               1750/32768       21000/393216   ( 5.3%) 
brushsides           15607/65536      124856/524288   (23.8%) 
planes                9498/65536      189960/1310720  (14.5%) 
vertexes             12458/65536      149496/786432   (19.0%) 
nodes                 4877/65536      156064/2097152  ( 7.4%) 
texinfos               952/12288       68544/884736   ( 7.7%) 
texdata                 21/2048          672/65536    ( 1.0%) 
dispinfos                0/0               0/0        ( 0.0%) 
disp_verts               0/0               0/0        ( 0.0%) 
disp_tris                0/0               0/0        ( 0.0%) 
disp_lmsamples           0/0               0/0        ( 0.0%) 
faces                 7700/65536      431200/3670016  (11.7%) 
hdr faces                0/65536           0/3670016  ( 0.0%) 
origfaces             4229/65536      236824/3670016  ( 6.5%) 
leaves                4930/65536      157760/2097152  ( 7.5%) 
leaffaces             8930/65536       17860/131072   (13.6%) 
leafbrushes           4098/65536        8196/131072   ( 6.3%) 
areas                    2/1024           16/8192     ( 0.2%) 
surfedges            53301/512000     213204/2048000  (10.4%) 
edges                31488/256000     125952/1024000  (12.3%) 
LDR worldlights        242/16384       21296/1441792  ( 1.5%) 
HDR worldlights          0/16384           0/1441792  ( 0.0%) 
leafwaterdata            1/32768          12/393216   ( 0.0%) 
waterstrips            670/131072       6700/1310720  ( 0.5%) 
waterverts               0/131072          0/1572864  ( 0.0%) 
waterindices         10029/131072      20058/262144   ( 7.7%) 
cubemapsamples           0/1024            0/16384    ( 0.0%) 
overlays                 6/1024         2112/360448   ( 0.6%) 
LDR lightdata         [variable]     5342212/0        ( 0.0%) 
HDR lightdata         [variable]           0/0        ( 0.0%) 
visdata               [variable]      766320/16777216 ( 4.6%) 
entdata               [variable]      130727/393216   (33.2%) 
LDR ambient table     4930/65536       19720/262144   ( 7.5%) 
HDR ambient table     4930/65536       19720/262144   ( 7.5%) 
LDR leaf ambient     24644/65536      690032/1835008  (37.6%) 
HDR leaf ambient      4930/65536      138040/1835008  ( 7.5%) 
occluders                0/0               0/0        ( 0.0%) 
occluder polygons        0/0               0/0        ( 0.0%) 
occluder vert ind        0/0               0/0        ( 0.0%) 
detail props          [variable]           1/12       ( 8.3%) 
static props          [variable]           1/31552    ( 0.0%) 
pakfile               [variable]       87093/0        ( 0.0%) 
physics               [variable]      629222/4194304  (15.0%) 
physics terrain       [variable]           2/1048576  ( 0.0%) 

Level flags = 1

Total triangle count: 21026
Writing d:\program files (x86)\steam\steamapps\sourcemods\fortress_obscura\maps\ctp_3purifier.bsp
1 minute, 34 seconds elapsed



[Reading texlights from 'lights.rad']
[34 texlights parsed from 'lights.rad']

Loading d:\program files (x86)\steam\steamapps\sourcemods\fortress_obscura\maps\ctp_3purifier.bsp
7700 faces
1174523 square feet [169131328.00 square inches]
0 Displacements
0 Square Feet [0.00 Square Inches]
7700 patches before subdivision
7700 patches after subdivision
242 direct lights
0...1...2...3...4...5...6...7...8...9...100...1...2...3...4...5...6...7...8...9...10transfers 731731, max 360
transfer lists:   5.6 megs
0...1...2...3...4...5...6...7...8...9...10	Bounce #1 added RGB(89856, 80605, 89133)
0...1...2...3...4...5...6...7...8...9...10	Bounce #2 added RGB(23249, 19838, 22900)
0...1...2...3...4...5...6...7...8...9...10	Bounce #3 added RGB(6608, 5334, 6534)
0...1...2...3...4...5...6...7...8...9...10	Bounce #4 added RGB(1965, 1456, 1936)
0...1...2...3...4...5...6...7...8...9...10	Bounce #5 added RGB(609, 413, 602)
0...1...2...3...4...5...6...7...8...9...10	Bounce #6 added RGB(195, 119, 193)
0...1...2...3...4...5...6...7...8...9...10	Bounce #7 added RGB(64, 35, 63)
0...1...2...3...4...5...6...7...8...9...10	Bounce #8 added RGB(21, 10, 21)
0...1...2...3...4...5...6...7...8...9...10	Bounce #9 added RGB(7, 3, 7)
0...1...2...3...4...5...6...7...8...9...10	Bounce #10 added RGB(2, 1, 2)
0...1...2...3...4...5...6...7...8...9...10	Bounce #11 added RGB(1, 0, 1)
Build Patch/Sample Hash Table(s).....Done<0.0441 sec>
0...1...2...3...4...5...6...7...8...9...10FinalLightFace Done
0 of 0 (0% of) surface lights went in leaf ambient cubes.
0...1...2...3...4...5...6...7...8...9...10Writing leaf ambient...done
Ready to Finish

Object names       Objects/Maxobjs  Memory / Maxmem  Fullness 
------------       ---------------  ---------------  -------- 
models                  52/4096         2496/196608   ( 1.3%) 
brushes               1750/32768       21000/393216   ( 5.3%) 
brushsides           15607/65536      124856/524288   (23.8%) 
planes                9498/65536      189960/1310720  (14.5%) 
vertexes             12458/65536      149496/786432   (19.0%) 
nodes                 4877/65536      156064/2097152  ( 7.4%) 
texinfos               952/12288       68544/884736   ( 7.7%) 
texdata                 21/2048          672/65536    ( 1.0%) 
dispinfos                0/0               0/0        ( 0.0%) 
disp_verts               0/0               0/0        ( 0.0%) 
disp_tris                0/0               0/0        ( 0.0%) 
disp_lmsamples           0/0               0/0        ( 0.0%) 
faces                 7700/65536      431200/3670016  (11.7%) 
hdr faces             7700/65536      431200/3670016  (11.7%) 
origfaces             4229/65536      236824/3670016  ( 6.5%) 
leaves                4930/65536      157760/2097152  ( 7.5%) 
leaffaces             8930/65536       17860/131072   (13.6%) 
leafbrushes           4098/65536        8196/131072   ( 6.3%) 
areas                    2/1024           16/8192     ( 0.2%) 
surfedges            53301/512000     213204/2048000  (10.4%) 
edges                31488/256000     125952/1024000  (12.3%) 
LDR worldlights        242/16384       21296/1441792  ( 1.5%) 
HDR worldlights        242/16384       21296/1441792  ( 1.5%) 
leafwaterdata            1/32768          12/393216   ( 0.0%) 
waterstrips            670/131072       6700/1310720  ( 0.5%) 
waterverts               0/131072          0/1572864  ( 0.0%) 
waterindices         10029/131072      20058/262144   ( 7.7%) 
cubemapsamples           0/1024            0/16384    ( 0.0%) 
overlays                 6/1024         2112/360448   ( 0.6%) 
LDR lightdata         [variable]     5342212/0        ( 0.0%) 
HDR lightdata         [variable]     5342212/0        ( 0.0%) 
visdata               [variable]      766320/16777216 ( 4.6%) 
entdata               [variable]      130727/393216   (33.2%) 
LDR ambient table     4930/65536       19720/262144   ( 7.5%) 
HDR ambient table     4930/65536       19720/262144   ( 7.5%) 
LDR leaf ambient     24644/65536      690032/1835008  (37.6%) 
HDR leaf ambient     24644/65536      690032/1835008  (37.6%) 
occluders                0/0               0/0        ( 0.0%) 
occluder polygons        0/0               0/0        ( 0.0%) 
occluder vert ind        0/0               0/0        ( 0.0%) 
detail props          [variable]           1/12       ( 8.3%) 
static props          [variable]           1/31552    ( 0.0%) 
pakfile               [variable]       87093/0        ( 0.0%) 
physics               [variable]      629222/4194304  (15.0%) 
physics terrain       [variable]           2/1048576  ( 0.0%) 

Level flags = 3

Total triangle count: 21026
Writing d:\program files (x86)\steam\steamapps\sourcemods\fortress_obscura\maps\ctp_3purifier.bsp
1 minute, 36 seconds elapsed



materialPath: D:\Program Files (x86)\Steam\steamapps\sourcemods\Fortress_Obscura\materials
Loading D:\Program Files (x86)\Steam\steamapps\sourcemods\Fortress_Obscura\maps\ctp_3purifier.vmf
Map revision 288
ConVarRef mat_reduceparticles doesn't point to an existing ConVar
fixing up env_cubemap materials on brush sides...
0...1...2...3...4...5...6...7...8...9...100...1...2...3...4...5...6...7...8...9...10Processing areas...done (0)
Building Faces...done (0)
Chop Details...done (0)
Find Visible Detail Sides...done (0)
Merging details...done (0)
FixTjuncs...
PruneNodes...
WriteBSP...
done (0)
writing D:\Program Files (x86)\Steam\steamapps\sourcemods\Fortress_Obscura\maps\ctp_3purifier.prt...Building visibility clusters...
done (0)
Finding displacement neighbors...
Finding lightmap sample positions...
Displacement Alpha : 0...1...2...3...4...5...6...7...8...9...10
Building Physics collision data...
done (0) (629222 bytes)
Placing detail props : 0...1...2...3...4...5...6...7...8...9...10
Water found with no water_lod_control entity, creating a default one.
Compacting texture/material tables...
Reduced 1746 texinfos to 952
Reduced 28 texdatas to 23 (795 bytes to 631)
Writing D:\Program Files (x86)\Steam\steamapps\sourcemods\Fortress_Obscura\maps\ctp_3purifier.bsp
Wrote ZIP buffer, estimated size 176416, actual size 175264
4 seconds elapsed



8 threads
reading d:\program files (x86)\steam\steamapps\sourcemods\fortress_obscura\maps\ctp_3purifier.bsp
reading d:\program files (x86)\steam\steamapps\sourcemods\fortress_obscura\maps\ctp_3purifier.prt
1949 portalclusters
5269 numportals
0...1...2...3...4...5...6...7...8...9...10Optimized: 121496 visible clusters (0.00%)
Total clusters visible: 1609344
Average clusters visible: 825
Building PAS...
Average clusters audible: 1826
visdatasize:766320  compressed from 966704
writing d:\program files (x86)\steam\steamapps\sourcemods\fortress_obscura\maps\ctp_3purifier.bsp
0 seconds elapsed



[Reading texlights from 'lights.rad']
[34 texlights parsed from 'lights.rad']

Loading d:\program files (x86)\steam\steamapps\sourcemods\fortress_obscura\maps\ctp_3purifier.bsp
7700 faces
1174523 square feet [169131328.00 square inches]
0 Displacements
0 Square Feet [0.00 Square Inches]
7700 patches before subdivision
7700 patches after subdivision
242 direct lights
0...1...2...3...4...5...6...7...8...9...100...1...2...3...4...5...6...7...8...9...10transfers 731731, max 360
transfer lists:   5.6 megs
0...1...2...3...4...5...6...7...8...9...10	Bounce #1 added RGB(89323, 79759, 88454)
0...1...2...3...4...5...6...7...8...9...10	Bounce #2 added RGB(22799, 19152, 22354)
0...1...2...3...4...5...6...7...8...9...10	Bounce #3 added RGB(6406, 5012, 6287)
0...1...2...3...4...5...6...7...8...9...10	Bounce #4 added RGB(1888, 1324, 1839)
0...1...2...3...4...5...6...7...8...9...10	Bounce #5 added RGB(582, 363, 567)
0...1...2...3...4...5...6...7...8...9...10	Bounce #6 added RGB(186, 101, 181)
0...1...2...3...4...5...6...7...8...9...10	Bounce #7 added RGB(61, 28, 59)
0...1...2...3...4...5...6...7...8...9...10	Bounce #8 added RGB(21, 8, 20)
0...1...2...3...4...5...6...7...8...9...10	Bounce #9 added RGB(7, 2, 7)
0...1...2...3...4...5...6...7...8...9...10	Bounce #10 added RGB(2, 1, 2)
0...1...2...3...4...5...6...7...8...9...10	Bounce #11 added RGB(1, 0, 1)
Build Patch/Sample Hash Table(s).....Done<0.0448 sec>
0...1...2...3...4...5...6...7...8...9...10FinalLightFace Done
0 of 0 (0% of) surface lights went in leaf ambient cubes.
0...1...2...3...4...5...6...7...8...9...10Writing leaf ambient...done
Ready to Finish

Object names       Objects/Maxobjs  Memory / Maxmem  Fullness 
------------       ---------------  ---------------  -------- 
models                  52/4096         2496/196608   ( 1.3%) 
brushes               1750/32768       21000/393216   ( 5.3%) 
brushsides           15607/65536      124856/524288   (23.8%) 
planes                9498/65536      189960/1310720  (14.5%) 
vertexes             12458/65536      149496/786432   (19.0%) 
nodes                 4877/65536      156064/2097152  ( 7.4%) 
texinfos               952/12288       68544/884736   ( 7.7%) 
texdata                 23/2048          736/65536    ( 1.1%) 
dispinfos                0/0               0/0        ( 0.0%) 
disp_verts               0/0               0/0        ( 0.0%) 
disp_tris                0/0               0/0        ( 0.0%) 
disp_lmsamples           0/0               0/0        ( 0.0%) 
faces                 7700/65536      431200/3670016  (11.7%) 
hdr faces                0/65536           0/3670016  ( 0.0%) 
origfaces             4229/65536      236824/3670016  ( 6.5%) 
leaves                4930/65536      157760/2097152  ( 7.5%) 
leaffaces             8930/65536       17860/131072   (13.6%) 
leafbrushes           4098/65536        8196/131072   ( 6.3%) 
areas                    2/1024           16/8192     ( 0.2%) 
surfedges            53301/512000     213204/2048000  (10.4%) 
edges                31488/256000     125952/1024000  (12.3%) 
LDR worldlights        242/16384       21296/1441792  ( 1.5%) 
HDR worldlights          0/16384           0/1441792  ( 0.0%) 
leafwaterdata            1/32768          12/393216   ( 0.0%) 
waterstrips            670/131072       6700/1310720  ( 0.5%) 
waterverts               0/131072          0/1572864  ( 0.0%) 
waterindices         10029/131072      20058/262144   ( 7.7%) 
cubemapsamples           1/1024           16/16384    ( 0.1%) 
overlays                 6/1024         2112/360448   ( 0.6%) 
LDR lightdata         [variable]     5342212/0        ( 0.0%) 
HDR lightdata         [variable]           0/0        ( 0.0%) 
visdata               [variable]      766320/16777216 ( 4.6%) 
entdata               [variable]      129089/393216   (32.8%) 
LDR ambient table     4930/65536       19720/262144   ( 7.5%) 
HDR ambient table     4930/65536       19720/262144   ( 7.5%) 
LDR leaf ambient     24658/65536      690424/1835008  (37.6%) 
HDR leaf ambient      4930/65536      138040/1835008  ( 7.5%) 
occluders                0/0               0/0        ( 0.0%) 
occluder polygons        0/0               0/0        ( 0.0%) 
occluder vert ind        0/0               0/0        ( 0.0%) 
detail props          [variable]           1/12       ( 8.3%) 
static props          [variable]           1/31552    ( 0.0%) 
pakfile               [variable]      175264/0        ( 0.0%) 
physics               [variable]      629222/4194304  (15.0%) 
physics terrain       [variable]           2/1048576  ( 0.0%) 

Level flags = 1

Total triangle count: 21026
Writing d:\program files (x86)\steam\steamapps\sourcemods\fortress_obscura\maps\ctp_3purifier.bsp
1 minute, 47 seconds elapsed



[Reading texlights from 'lights.rad']
[34 texlights parsed from 'lights.rad']

Loading d:\program files (x86)\steam\steamapps\sourcemods\fortress_obscura\maps\ctp_3purifier.bsp
7700 faces
1174523 square feet [169131328.00 square inches]
0 Displacements
0 Square Feet [0.00 Square Inches]
7700 patches before subdivision
7700 patches after subdivision
242 direct lights
0...1...2...3...4...5...6...7...8...9...100...1...2...3...4...5...6...7...8...9...10transfers 731731, max 360
transfer lists:   5.6 megs
0...1...2...3...4...5...6...7...8...9...10	Bounce #1 added RGB(89323, 79759, 88454)
0...1...2...3...4...5...6...7...8...9...10	Bounce #2 added RGB(22799, 19152, 22354)
0...1...2...3...4...5...6...7...8...9...10	Bounce #3 added RGB(6406, 5012, 6287)
0...1...2...3...4...5...6...7...8...9...10	Bounce #4 added RGB(1888, 1324, 1839)
0...1...2...3...4...5...6...7...8...9...10	Bounce #5 added RGB(582, 363, 567)
0...1...2...3...4...5...6...7...8...9...10	Bounce #6 added RGB(186, 101, 181)
0...1...2...3...4...5...6...7...8...9...10	Bounce #7 added RGB(61, 28, 59)
0...1...2...3...4...5...6...7...8...9...10	Bounce #8 added RGB(21, 8, 20)
0...1...2...3...4...5...6...7...8...9...10	Bounce #9 added RGB(7, 2, 7)
0...1...2...3...4...5...6...7...8...9...10	Bounce #10 added RGB(2, 1, 2)
0...1...2...3...4...5...6...7...8...9...10	Bounce #11 added RGB(1, 0, 1)
Build Patch/Sample Hash Table(s).....Done<0.0485 sec>
0...1...2...3...4...5...6...7...8...9...10FinalLightFace Done
0 of 0 (0% of) surface lights went in leaf ambient cubes.
0...1...2...3...4...5...6...7...8...9...10Writing leaf ambient...done
Ready to Finish

Object names       Objects/Maxobjs  Memory / Maxmem  Fullness 
------------       ---------------  ---------------  -------- 
models                  52/4096         2496/196608   ( 1.3%) 
brushes               1750/32768       21000/393216   ( 5.3%) 
brushsides           15607/65536      124856/524288   (23.8%) 
planes                9498/65536      189960/1310720  (14.5%) 
vertexes             12458/65536      149496/786432   (19.0%) 
nodes                 4877/65536      156064/2097152  ( 7.4%) 
texinfos               952/12288       68544/884736   ( 7.7%) 
texdata                 23/2048          736/65536    ( 1.1%) 
dispinfos                0/0               0/0        ( 0.0%) 
disp_verts               0/0               0/0        ( 0.0%) 
disp_tris                0/0               0/0        ( 0.0%) 
disp_lmsamples           0/0               0/0        ( 0.0%) 
faces                 7700/65536      431200/3670016  (11.7%) 
hdr faces             7700/65536      431200/3670016  (11.7%) 
origfaces             4229/65536      236824/3670016  ( 6.5%) 
leaves                4930/65536      157760/2097152  ( 7.5%) 
leaffaces             8930/65536       17860/131072   (13.6%) 
leafbrushes           4098/65536        8196/131072   ( 6.3%) 
areas                    2/1024           16/8192     ( 0.2%) 
surfedges            53301/512000     213204/2048000  (10.4%) 
edges                31488/256000     125952/1024000  (12.3%) 
LDR worldlights        242/16384       21296/1441792  ( 1.5%) 
HDR worldlights        242/16384       21296/1441792  ( 1.5%) 
leafwaterdata            1/32768          12/393216   ( 0.0%) 
waterstrips            670/131072       6700/1310720  ( 0.5%) 
waterverts               0/131072          0/1572864  ( 0.0%) 
waterindices         10029/131072      20058/262144   ( 7.7%) 
cubemapsamples           1/1024           16/16384    ( 0.1%) 
overlays                 6/1024         2112/360448   ( 0.6%) 
LDR lightdata         [variable]     5342212/0        ( 0.0%) 
HDR lightdata         [variable]     5342212/0        ( 0.0%) 
visdata               [variable]      766320/16777216 ( 4.6%) 
entdata               [variable]      129089/393216   (32.8%) 
LDR ambient table     4930/65536       19720/262144   ( 7.5%) 
HDR ambient table     4930/65536       19720/262144   ( 7.5%) 
LDR leaf ambient     24658/65536      690424/1835008  (37.6%) 
HDR leaf ambient     24658/65536      690424/1835008  (37.6%) 
occluders                0/0               0/0        ( 0.0%) 
occluder polygons        0/0               0/0        ( 0.0%) 
occluder vert ind        0/0               0/0        ( 0.0%) 
detail props          [variable]           1/12       ( 8.3%) 
static props          [variable]           1/31552    ( 0.0%) 
pakfile               [variable]      175264/0        ( 0.0%) 
physics               [variable]      629222/4194304  (15.0%) 
physics terrain       [variable]           2/1048576  ( 0.0%) 

Level flags = 3

Total triangle count: 21026
Writing d:\program files (x86)\steam\steamapps\sourcemods\fortress_obscura\maps\ctp_3purifier.bsp
1 minute, 45 seconds elapsed



materialPath: D:\Program Files (x86)\Steam\steamapps\sourcemods\Fortress_Obscura\materials
Loading D:\Program Files (x86)\Steam\steamapps\sourcemods\Fortress_Obscura\maps\ctp_3purifier.vmf
Map revision 289
ConVarRef mat_reduceparticles doesn't point to an existing ConVar
fixing up env_cubemap materials on brush sides...
0...1...2...3...4...5...6...7...8...9...10**** leaked ****
Entity prop_static (-742.08 -1370.68 304.00) leaked!
--- MAP LEAKED ---



8 threads
reading d:\program files (x86)\steam\steamapps\sourcemods\fortress_obscura\maps\ctp_3purifier.bsp
reading d:\program files (x86)\steam\steamapps\sourcemods\fortress_obscura\maps\ctp_3purifier.prt
LoadPortals: couldn't read d:\program files (x86)\steam\steamapps\sourcemods\fortress_obscura\maps\ctp_3purifier.prt



materialPath: D:\Program Files (x86)\Steam\steamapps\sourcemods\Fortress_Obscura\materials
Loading D:\Program Files (x86)\Steam\steamapps\sourcemods\Fortress_Obscura\maps\ctp_3purifier.vmf
Map revision 290
ConVarRef mat_reduceparticles doesn't point to an existing ConVar
fixing up env_cubemap materials on brush sides...
0...1...2...3...4...5...6...7...8...9...10**** leaked ****
Entity light (1057.37 -536.57 240.00) leaked!
--- MAP LEAKED ---



8 threads
reading d:\program files (x86)\steam\steamapps\sourcemods\fortress_obscura\maps\ctp_3purifier.bsp
reading d:\program files (x86)\steam\steamapps\sourcemods\fortress_obscura\maps\ctp_3purifier.prt
LoadPortals: couldn't read d:\program files (x86)\steam\steamapps\sourcemods\fortress_obscura\maps\ctp_3purifier.prt



materialPath: D:\Program Files (x86)\Steam\steamapps\sourcemods\Fortress_Obscura\materials
Loading D:\Program Files (x86)\Steam\steamapps\sourcemods\Fortress_Obscura\maps\ctp_3purifier.vmf
Map revision 291
ConVarRef mat_reduceparticles doesn't point to an existing ConVar
fixing up env_cubemap materials on brush sides...
0...1...2...3...4...5...6...7...8...9...100...1...2...3...4...5...6...7...8...9...10Processing areas...done (0)
Building Faces...done (0)
Chop Details...done (0)
Find Visible Detail Sides...done (0)
Merging details...done (0)
FixTjuncs...
PruneNodes...
WriteBSP...
done (0)
writing D:\Program Files (x86)\Steam\steamapps\sourcemods\Fortress_Obscura\maps\ctp_3purifier.prt...Building visibility clusters...
done (0)
Finding displacement neighbors...
Finding lightmap sample positions...
Displacement Alpha : 0...1...2...3...4...5...6...7...8...9...10
Building Physics collision data...
done (0) (647017 bytes)
Placing detail props : 0...1...2...3...4...5...6...7...8...9...10
Water found with no water_lod_control entity, creating a default one.
Compacting texture/material tables...
Reduced 1813 texinfos to 971
Reduced 25 texdatas to 21 (678 bytes to 542)
Writing D:\Program Files (x86)\Steam\steamapps\sourcemods\Fortress_Obscura\maps\ctp_3purifier.bsp
Wrote ZIP buffer, estimated size 175899, actual size 174881
3 seconds elapsed



8 threads
reading d:\program files (x86)\steam\steamapps\sourcemods\fortress_obscura\maps\ctp_3purifier.bsp
reading d:\program files (x86)\steam\steamapps\sourcemods\fortress_obscura\maps\ctp_3purifier.prt
1995 portalclusters
5411 numportals
0...1...2...3...4...5...6...7...8...9...10Optimized: 128059 visible clusters (0.00%)
Total clusters visible: 1694941
Average clusters visible: 849
Building PAS...
Average clusters audible: 1873
visdatasize:806665  compressed from 1021440
writing d:\program files (x86)\steam\steamapps\sourcemods\fortress_obscura\maps\ctp_3purifier.bsp
0 seconds elapsed



[Reading texlights from 'lights.rad']
[34 texlights parsed from 'lights.rad']

Loading d:\program files (x86)\steam\steamapps\sourcemods\fortress_obscura\maps\ctp_3purifier.bsp
7885 faces
1192726 square feet [171752640.00 square inches]
0 Displacements
0 Square Feet [0.00 Square Inches]
7885 patches before subdivision
7885 patches after subdivision
242 direct lights
0...1...2...3...4...5...6...7...8...9...100...1...2...3...4...5...6...7...8...9...10transfers 753531, max 360
transfer lists:   5.7 megs
0...1...2...3...4...5...6...7...8...9...10	Bounce #1 added RGB(90545, 79985, 89677)
0...1...2...3...4...5...6...7...8...9...10	Bounce #2 added RGB(22893, 19107, 22628)
0...1...2...3...4...5...6...7...8...9...10	Bounce #3 added RGB(6413, 4990, 6368)
0...1...2...3...4...5...6...7...8...9...10	Bounce #4 added RGB(1890, 1318, 1865)
0...1...2...3...4...5...6...7...8...9...10	Bounce #5 added RGB(583, 361, 576)
0...1...2...3...4...5...6...7...8...9...10	Bounce #6 added RGB(187, 100, 184)
0...1...2...3...4...5...6...7...8...9...10	Bounce #7 added RGB(61, 28, 60)
0...1...2...3...4...5...6...7...8...9...10	Bounce #8 added RGB(21, 8, 20)
0...1...2...3...4...5...6...7...8...9...10	Bounce #9 added RGB(7, 2, 7)
0...1...2...3...4...5...6...7...8...9...10	Bounce #10 added RGB(2, 1, 2)
0...1...2...3...4...5...6...7...8...9...10	Bounce #11 added RGB(1, 0, 1)
Build Patch/Sample Hash Table(s).....Done<0.0466 sec>
0...1...2...3...4...5...6...7...8...9...10FinalLightFace Done
0 of 0 (0% of) surface lights went in leaf ambient cubes.
0...1...2...3...4...5...6...7...8...9...10Writing leaf ambient...done
Ready to Finish

Object names       Objects/Maxobjs  Memory / Maxmem  Fullness 
------------       ---------------  ---------------  -------- 
models                  61/4096         2928/196608   ( 1.5%) 
brushes               1798/32768       21576/393216   ( 5.5%) 
brushsides           16020/65536      128160/524288   (24.4%) 
planes                9724/65536      194480/1310720  (14.8%) 
vertexes             12795/65536      153540/786432   (19.5%) 
nodes                 5032/65536      161024/2097152  ( 7.7%) 
texinfos               971/12288       69912/884736   ( 7.9%) 
texdata                 21/2048          672/65536    ( 1.0%) 
dispinfos                0/0               0/0        ( 0.0%) 
disp_verts               0/0               0/0        ( 0.0%) 
disp_tris                0/0               0/0        ( 0.0%) 
disp_lmsamples           0/0               0/0        ( 0.0%) 
faces                 7885/65536      441560/3670016  (12.0%) 
hdr faces                0/65536           0/3670016  ( 0.0%) 
origfaces             4378/65536      245168/3670016  ( 6.7%) 
leaves                5094/65536      163008/2097152  ( 7.8%) 
leaffaces             9126/65536       18252/131072   (13.9%) 
leafbrushes           4211/65536        8422/131072   ( 6.4%) 
areas                    2/1024           16/8192     ( 0.2%) 
surfedges            54791/512000     219164/2048000  (10.7%) 
edges                32420/256000     129680/1024000  (12.7%) 
LDR worldlights        242/16384       21296/1441792  ( 1.5%) 
HDR worldlights          0/16384           0/1441792  ( 0.0%) 
leafwaterdata            1/32768          12/393216   ( 0.0%) 
waterstrips            672/131072       6720/1310720  ( 0.5%) 
waterverts               0/131072          0/1572864  ( 0.0%) 
waterindices         10095/131072      20190/262144   ( 7.7%) 
cubemapsamples           1/1024           16/16384    ( 0.1%) 
overlays                 6/1024         2112/360448   ( 0.6%) 
LDR lightdata         [variable]     5430008/0        ( 0.0%) 
HDR lightdata         [variable]           0/0        ( 0.0%) 
visdata               [variable]      806665/16777216 ( 4.8%) 
entdata               [variable]      132051/393216   (33.6%) 
LDR ambient table     5094/65536       20376/262144   ( 7.8%) 
HDR ambient table     5094/65536       20376/262144   ( 7.8%) 
LDR leaf ambient     25409/65536      711452/1835008  (38.8%) 
HDR leaf ambient      5094/65536      142632/1835008  ( 7.8%) 
occluders                0/0               0/0        ( 0.0%) 
occluder polygons        0/0               0/0        ( 0.0%) 
occluder vert ind        0/0               0/0        ( 0.0%) 
detail props          [variable]           1/12       ( 8.3%) 
static props          [variable]           1/31556    ( 0.0%) 
pakfile               [variable]      174881/0        ( 0.0%) 
physics               [variable]      647017/4194304  (15.4%) 
physics terrain       [variable]           2/1048576  ( 0.0%) 

Level flags = 1

Total triangle count: 21550
Writing d:\program files (x86)\steam\steamapps\sourcemods\fortress_obscura\maps\ctp_3purifier.bsp
1 minute, 42 seconds elapsed



[Reading texlights from 'lights.rad']
[34 texlights parsed from 'lights.rad']

Loading d:\program files (x86)\steam\steamapps\sourcemods\fortress_obscura\maps\ctp_3purifier.bsp
7885 faces
1192726 square feet [171752640.00 square inches]
0 Displacements
0 Square Feet [0.00 Square Inches]
7885 patches before subdivision
7885 patches after subdivision
242 direct lights
0...1...2...3...4...5...6...7...8...9...100...1...2...3...4...5...6...7...8...9...10transfers 753531, max 360
transfer lists:   5.7 megs
0...1...2...3...4...5...6...7...8...9...10	Bounce #1 added RGB(90545, 79985, 89677)
0...1...2...3...4...5...6...7...8...9...10	Bounce #2 added RGB(22893, 19107, 22628)
0...1...2...3...4...5...6...7...8...9...10	Bounce #3 added RGB(6413, 4990, 6368)
0...1...2...3...4...5...6...7...8...9...10	Bounce #4 added RGB(1890, 1318, 1865)
0...1...2...3...4...5...6...7...8...9...10	Bounce #5 added RGB(583, 361, 576)
0...1...2...3...4...5...6...7...8...9...10	Bounce #6 added RGB(187, 100, 184)
0...1...2...3...4...5...6...7...8...9...10	Bounce #7 added RGB(61, 28, 60)
0...1...2...3...4...5...6...7...8...9...10	Bounce #8 added RGB(21, 8, 20)
0...1...2...3...4...5...6...7...8...9...10	Bounce #9 added RGB(7, 2, 7)
0...1...2...3...4...5...6...7...8...9...10	Bounce #10 added RGB(2, 1, 2)
0...1...2...3...4...5...6...7...8...9...10	Bounce #11 added RGB(1, 0, 1)
Build Patch/Sample Hash Table(s).....Done<0.0467 sec>
0...1...2...3...4...5...6...7...8...9...10FinalLightFace Done
0 of 0 (0% of) surface lights went in leaf ambient cubes.
0...1...2...3...4...5...6...7...8...9...10Writing leaf ambient...done
Ready to Finish

Object names       Objects/Maxobjs  Memory / Maxmem  Fullness 
------------       ---------------  ---------------  -------- 
models                  61/4096         2928/196608   ( 1.5%) 
brushes               1798/32768       21576/393216   ( 5.5%) 
brushsides           16020/65536      128160/524288   (24.4%) 
planes                9724/65536      194480/1310720  (14.8%) 
vertexes             12795/65536      153540/786432   (19.5%) 
nodes                 5032/65536      161024/2097152  ( 7.7%) 
texinfos               971/12288       69912/884736   ( 7.9%) 
texdata                 21/2048          672/65536    ( 1.0%) 
dispinfos                0/0               0/0        ( 0.0%) 
disp_verts               0/0               0/0        ( 0.0%) 
disp_tris                0/0               0/0        ( 0.0%) 
disp_lmsamples           0/0               0/0        ( 0.0%) 
faces                 7885/65536      441560/3670016  (12.0%) 
hdr faces             7885/65536      441560/3670016  (12.0%) 
origfaces             4378/65536      245168/3670016  ( 6.7%) 
leaves                5094/65536      163008/2097152  ( 7.8%) 
leaffaces             9126/65536       18252/131072   (13.9%) 
leafbrushes           4211/65536        8422/131072   ( 6.4%) 
areas                    2/1024           16/8192     ( 0.2%) 
surfedges            54791/512000     219164/2048000  (10.7%) 
edges                32420/256000     129680/1024000  (12.7%) 
LDR worldlights        242/16384       21296/1441792  ( 1.5%) 
HDR worldlights        242/16384       21296/1441792  ( 1.5%) 
leafwaterdata            1/32768          12/393216   ( 0.0%) 
waterstrips            672/131072       6720/1310720  ( 0.5%) 
waterverts               0/131072          0/1572864  ( 0.0%) 
waterindices         10095/131072      20190/262144   ( 7.7%) 
cubemapsamples           1/1024           16/16384    ( 0.1%) 
overlays                 6/1024         2112/360448   ( 0.6%) 
LDR lightdata         [variable]     5430008/0        ( 0.0%) 
HDR lightdata         [variable]     5430008/0        ( 0.0%) 
visdata               [variable]      806665/16777216 ( 4.8%) 
entdata               [variable]      132051/393216   (33.6%) 
LDR ambient table     5094/65536       20376/262144   ( 7.8%) 
HDR ambient table     5094/65536       20376/262144   ( 7.8%) 
LDR leaf ambient     25409/65536      711452/1835008  (38.8%) 
HDR leaf ambient     25409/65536      711452/1835008  (38.8%) 
occluders                0/0               0/0        ( 0.0%) 
occluder polygons        0/0               0/0        ( 0.0%) 
occluder vert ind        0/0               0/0        ( 0.0%) 
detail props          [variable]           1/12       ( 8.3%) 
static props          [variable]           1/31556    ( 0.0%) 
pakfile               [variable]      174881/0        ( 0.0%) 
physics               [variable]      647017/4194304  (15.4%) 
physics terrain       [variable]           2/1048576  ( 0.0%) 

Level flags = 3

Total triangle count: 21550
Writing d:\program files (x86)\steam\steamapps\sourcemods\fortress_obscura\maps\ctp_3purifier.bsp
1 minute, 42 seconds elapsed



materialPath: D:\Program Files (x86)\Steam\steamapps\sourcemods\Fortress_Obscura\materials
Loading D:\Program Files (x86)\Steam\steamapps\sourcemods\Fortress_Obscura\maps\ctp_3purifier.vmf
Map revision 291
ConVarRef mat_reduceparticles doesn't point to an existing ConVar
fixing up env_cubemap materials on brush sides...
0...1...2...3...4...5...6...7...8...9...100...1...2...3...4...5...6...7...8...9...10Processing areas...done (0)
Building Faces...done (0)
Chop Details...done (0)
Find Visible Detail Sides...done (0)
Merging details...done (0)
FixTjuncs...
PruneNodes...
WriteBSP...
done (0)
writing D:\Program Files (x86)\Steam\steamapps\sourcemods\Fortress_Obscura\maps\ctp_3purifier.prt...Building visibility clusters...
done (0)
Finding displacement neighbors...
Finding lightmap sample positions...
Displacement Alpha : 0...1...2...3...4...5...6...7...8...9...10
Building Physics collision data...
done (1) (647017 bytes)
Placing detail props : 0...1...2...3...4...5...6...7...8...9...10
Water found with no water_lod_control entity, creating a default one.
Compacting texture/material tables...
Reduced 1813 texinfos to 971
Reduced 25 texdatas to 21 (678 bytes to 542)
Writing D:\Program Files (x86)\Steam\steamapps\sourcemods\Fortress_Obscura\maps\ctp_3purifier.bsp
Wrote ZIP buffer, estimated size 175899, actual size 174881
3 seconds elapsed



8 threads
reading d:\program files (x86)\steam\steamapps\sourcemods\fortress_obscura\maps\ctp_3purifier.bsp
reading d:\program files (x86)\steam\steamapps\sourcemods\fortress_obscura\maps\ctp_3purifier.prt
1995 portalclusters
5411 numportals
0...1...2...3...4...5...6...7...8...9...10Optimized: 128059 visible clusters (0.00%)
Total clusters visible: 1694941
Average clusters visible: 849
Building PAS...
Average clusters audible: 1873
visdatasize:806665  compressed from 1021440
writing d:\program files (x86)\steam\steamapps\sourcemods\fortress_obscura\maps\ctp_3purifier.bsp
1 second elapsed



[Reading texlights from 'lights.rad']
[34 texlights parsed from 'lights.rad']

Loading d:\program files (x86)\steam\steamapps\sourcemods\fortress_obscura\maps\ctp_3purifier.bsp
7885 faces
1193580 square feet [171875520.00 square inches]
0 Displacements
0 Square Feet [0.00 Square Inches]
7885 patches before subdivision
7885 patches after subdivision
242 direct lights
0...1...2...3...4...5...6...7...8...9...100...1...2...3...4...5...6...7...8...9...10transfers 753527, max 360
transfer lists:   5.7 megs
0...1...2...3...4...5...6...7...8...9...10	Bounce #1 added RGB(90544, 79985, 89677)
0...1...2...3...4...5...6...7...8...9...10	Bounce #2 added RGB(22894, 19108, 22629)
0...1...2...3...4...5...6...7...8...9...10	Bounce #3 added RGB(6413, 4990, 6368)
0...1...2...3...4...5...6...7...8...9...10	Bounce #4 added RGB(1890, 1318, 1865)
0...1...2...3...4...5...6...7...8...9...10	Bounce #5 added RGB(583, 361, 576)
0...1...2...3...4...5...6...7...8...9...10	Bounce #6 added RGB(187, 100, 184)
0...1...2...3...4...5...6...7...8...9...10	Bounce #7 added RGB(61, 28, 60)
0...1...2...3...4...5...6...7...8...9...10	Bounce #8 added RGB(21, 8, 20)
0...1...2...3...4...5...6...7...8...9...10	Bounce #9 added RGB(7, 2, 7)
0...1...2...3...4...5...6...7...8...9...10	Bounce #10 added RGB(2, 1, 2)
0...1...2...3...4...5...6...7...8...9...10	Bounce #11 added RGB(1, 0, 1)
Build Patch/Sample Hash Table(s).....Done<0.0521 sec>
0...1...2...3...4...5...6...7...8...9...10FinalLightFace Done
0 of 0 (0% of) surface lights went in leaf ambient cubes.
0...1...2...3...4...5...6...7...8...9...10Writing leaf ambient...done
Ready to Finish

Object names       Objects/Maxobjs  Memory / Maxmem  Fullness 
------------       ---------------  ---------------  -------- 
models                  61/4096         2928/196608   ( 1.5%) 
brushes               1798/32768       21576/393216   ( 5.5%) 
brushsides           16020/65536      128160/524288   (24.4%) 
planes                9722/65536      194440/1310720  (14.8%) 
vertexes             12795/65536      153540/786432   (19.5%) 
nodes                 5032/65536      161024/2097152  ( 7.7%) 
texinfos               971/12288       69912/884736   ( 7.9%) 
texdata                 21/2048          672/65536    ( 1.0%) 
dispinfos                0/0               0/0        ( 0.0%) 
disp_verts               0/0               0/0        ( 0.0%) 
disp_tris                0/0               0/0        ( 0.0%) 
disp_lmsamples           0/0               0/0        ( 0.0%) 
faces                 7885/65536      441560/3670016  (12.0%) 
hdr faces                0/65536           0/3670016  ( 0.0%) 
origfaces             4378/65536      245168/3670016  ( 6.7%) 
leaves                5094/65536      163008/2097152  ( 7.8%) 
leaffaces             9126/65536       18252/131072   (13.9%) 
leafbrushes           4211/65536        8422/131072   ( 6.4%) 
areas                    2/1024           16/8192     ( 0.2%) 
surfedges            54791/512000     219164/2048000  (10.7%) 
edges                32420/256000     129680/1024000  (12.7%) 
LDR worldlights        242/16384       21296/1441792  ( 1.5%) 
HDR worldlights          0/16384           0/1441792  ( 0.0%) 
leafwaterdata            1/32768          12/393216   ( 0.0%) 
waterstrips            672/131072       6720/1310720  ( 0.5%) 
waterverts               0/131072          0/1572864  ( 0.0%) 
waterindices         10095/131072      20190/262144   ( 7.7%) 
cubemapsamples           1/1024           16/16384    ( 0.1%) 
overlays                 6/1024         2112/360448   ( 0.6%) 
LDR lightdata         [variable]     5430008/0        ( 0.0%) 
HDR lightdata         [variable]           0/0        ( 0.0%) 
visdata               [variable]      806665/16777216 ( 4.8%) 
entdata               [variable]      132051/393216   (33.6%) 
LDR ambient table     5094/65536       20376/262144   ( 7.8%) 
HDR ambient table     5094/65536       20376/262144   ( 7.8%) 
LDR leaf ambient     25418/65536      711704/1835008  (38.8%) 
HDR leaf ambient      5094/65536      142632/1835008  ( 7.8%) 
occluders                0/0               0/0        ( 0.0%) 
occluder polygons        0/0               0/0        ( 0.0%) 
occluder vert ind        0/0               0/0        ( 0.0%) 
detail props          [variable]           1/12       ( 8.3%) 
static props          [variable]           1/31556    ( 0.0%) 
pakfile               [variable]      174881/0        ( 0.0%) 
physics               [variable]      647017/4194304  (15.4%) 
physics terrain       [variable]           2/1048576  ( 0.0%) 

Level flags = 1

Total triangle count: 21550
Writing d:\program files (x86)\steam\steamapps\sourcemods\fortress_obscura\maps\ctp_3purifier.bsp
1 minute, 47 seconds elapsed



[Reading texlights from 'lights.rad']
[34 texlights parsed from 'lights.rad']

Loading d:\program files (x86)\steam\steamapps\sourcemods\fortress_obscura\maps\ctp_3purifier.bsp
7885 faces
1193580 square feet [171875520.00 square inches]
0 Displacements
0 Square Feet [0.00 Square Inches]
7885 patches before subdivision
7885 patches after subdivision
242 direct lights
0...1...2...3...4...5...6...7...8...9...100...1...2...3...4...5...6...7...8...9...10transfers 753527, max 360
transfer lists:   5.7 megs
0...1...2...3...4...5...6...7...8...9...10	Bounce #1 added RGB(90544, 79985, 89677)
0...1...2...3...4...5...6...7...8...9...10	Bounce #2 added RGB(22894, 19108, 22629)
0...1...2...3...4...5...6...7...8...9...10	Bounce #3 added RGB(6413, 4990, 6368)
0...1...2...3...4...5...6...7...8...9...10	Bounce #4 added RGB(1890, 1318, 1865)
0...1...2...3...4...5...6...7...8...9...10	Bounce #5 added RGB(583, 361, 576)
0...1...2...3...4...5...6...7...8...9...10	Bounce #6 added RGB(187, 100, 184)
0...1...2...3...4...5...6...7...8...9...10	Bounce #7 added RGB(61, 28, 60)
0...1...2...3...4...5...6...7...8...9...10	Bounce #8 added RGB(21, 8, 20)
0...1...2...3...4...5...6...7...8...9...10	Bounce #9 added RGB(7, 2, 7)
0...1...2...3...4...5...6...7...8...9...10	Bounce #10 added RGB(2, 1, 2)
0...1...2...3...4...5...6...7...8...9...10	Bounce #11 added RGB(1, 0, 1)
Build Patch/Sample Hash Table(s).....Done<0.0747 sec>
0...1...2...3...4...5...6...7...8...9...10FinalLightFace Done
0 of 0 (0% of) surface lights went in leaf ambient cubes.
0...1...2...3...4...5...6...7...8...9...10Writing leaf ambient...done
Ready to Finish

Object names       Objects/Maxobjs  Memory / Maxmem  Fullness 
------------       ---------------  ---------------  -------- 
models                  61/4096         2928/196608   ( 1.5%) 
brushes               1798/32768       21576/393216   ( 5.5%) 
brushsides           16020/65536      128160/524288   (24.4%) 
planes                9722/65536      194440/1310720  (14.8%) 
vertexes             12795/65536      153540/786432   (19.5%) 
nodes                 5032/65536      161024/2097152  ( 7.7%) 
texinfos               971/12288       69912/884736   ( 7.9%) 
texdata                 21/2048          672/65536    ( 1.0%) 
dispinfos                0/0               0/0        ( 0.0%) 
disp_verts               0/0               0/0        ( 0.0%) 
disp_tris                0/0               0/0        ( 0.0%) 
disp_lmsamples           0/0               0/0        ( 0.0%) 
faces                 7885/65536      441560/3670016  (12.0%) 
hdr faces             7885/65536      441560/3670016  (12.0%) 
origfaces             4378/65536      245168/3670016  ( 6.7%) 
leaves                5094/65536      163008/2097152  ( 7.8%) 
leaffaces             9126/65536       18252/131072   (13.9%) 
leafbrushes           4211/65536        8422/131072   ( 6.4%) 
areas                    2/1024           16/8192     ( 0.2%) 
surfedges            54791/512000     219164/2048000  (10.7%) 
edges                32420/256000     129680/1024000  (12.7%) 
LDR worldlights        242/16384       21296/1441792  ( 1.5%) 
HDR worldlights        242/16384       21296/1441792  ( 1.5%) 
leafwaterdata            1/32768          12/393216   ( 0.0%) 
waterstrips            672/131072       6720/1310720  ( 0.5%) 
waterverts               0/131072          0/1572864  ( 0.0%) 
waterindices         10095/131072      20190/262144   ( 7.7%) 
cubemapsamples           1/1024           16/16384    ( 0.1%) 
overlays                 6/1024         2112/360448   ( 0.6%) 
LDR lightdata         [variable]     5430008/0        ( 0.0%) 
HDR lightdata         [variable]     5430008/0        ( 0.0%) 
visdata               [variable]      806665/16777216 ( 4.8%) 
entdata               [variable]      132051/393216   (33.6%) 
LDR ambient table     5094/65536       20376/262144   ( 7.8%) 
HDR ambient table     5094/65536       20376/262144   ( 7.8%) 
LDR leaf ambient     25418/65536      711704/1835008  (38.8%) 
HDR leaf ambient     25418/65536      711704/1835008  (38.8%) 
occluders                0/0               0/0        ( 0.0%) 
occluder polygons        0/0               0/0        ( 0.0%) 
occluder vert ind        0/0               0/0        ( 0.0%) 
detail props          [variable]           1/12       ( 8.3%) 
static props          [variable]           1/31556    ( 0.0%) 
pakfile               [variable]      174881/0        ( 0.0%) 
physics               [variable]      647017/4194304  (15.4%) 
physics terrain       [variable]           2/1048576  ( 0.0%) 

Level flags = 3

Total triangle count: 21550
Writing d:\program files (x86)\steam\steamapps\sourcemods\fortress_obscura\maps\ctp_3purifier.bsp
1 minute, 46 seconds elapsed



materialPath: D:\Program Files (x86)\Steam\steamapps\sourcemods\Fortress_Obscura\materials
Loading D:\Program Files (x86)\Steam\steamapps\sourcemods\Fortress_Obscura\maps\ctp_3purifier.vmf
Map revision 291
ConVarRef mat_reduceparticles doesn't point to an existing ConVar
fixing up env_cubemap materials on brush sides...
0...1...2...3...4...5...6...7...8...9...100...1...2...3...4...5...6...7...8...9...10Processing areas...done (0)
Building Faces...done (0)
Chop Details...done (0)
Find Visible Detail Sides...done (0)
Merging details...done (0)
FixTjuncs...
PruneNodes...
WriteBSP...
done (0)
writing D:\Program Files (x86)\Steam\steamapps\sourcemods\Fortress_Obscura\maps\ctp_3purifier.prt...Building visibility clusters...
done (0)
Finding displacement neighbors...
Finding lightmap sample positions...
Displacement Alpha : 0...1...2...3...4...5...6...7...8...9...10
Building Physics collision data...
done (1) (647017 bytes)
Placing detail props : 0...1...2...3...4...5...6...7...8...9...10
Water found with no water_lod_control entity, creating a default one.
Compacting texture/material tables...
Reduced 1813 texinfos to 971
Reduced 25 texdatas to 21 (678 bytes to 542)
Writing D:\Program Files (x86)\Steam\steamapps\sourcemods\Fortress_Obscura\maps\ctp_3purifier.bsp
Wrote ZIP buffer, estimated size 175899, actual size 174881
3 seconds elapsed



8 threads
reading d:\program files (x86)\steam\steamapps\sourcemods\fortress_obscura\maps\ctp_3purifier.bsp
reading d:\program files (x86)\steam\steamapps\sourcemods\fortress_obscura\maps\ctp_3purifier.prt
1995 portalclusters
5411 numportals
0...1...2...3...4...5...6...7...8...9...10Optimized: 128059 visible clusters (0.00%)
Total clusters visible: 1694941
Average clusters visible: 849
Building PAS...
Average clusters audible: 1873
visdatasize:806665  compressed from 1021440
writing d:\program files (x86)\steam\steamapps\sourcemods\fortress_obscura\maps\ctp_3purifier.bsp
1 second elapsed



[Reading texlights from 'lights.rad']
[34 texlights parsed from 'lights.rad']

Loading d:\program files (x86)\steam\steamapps\sourcemods\fortress_obscura\maps\ctp_3purifier.bsp
7885 faces
1194433 square feet [171998400.00 square inches]
0 Displacements
0 Square Feet [0.00 Square Inches]
7885 patches before subdivision
7885 patches after subdivision
242 direct lights
0...1...2...3...4...5...6...7...8...9...100...1...2...3...4...5...6...7...8...9...10transfers 753540, max 360
transfer lists:   5.7 megs
0...1...2...3...4...5...6...7...8...9...10	Bounce #1 added RGB(90550, 79988, 89682)
0...1...2...3...4...5...6...7...8...9...10	Bounce #2 added RGB(22897, 19110, 22632)
0...1...2...3...4...5...6...7...8...9...10	Bounce #3 added RGB(6414, 4991, 6369)
0...1...2...3...4...5...6...7...8...9...10	Bounce #4 added RGB(1890, 1318, 1865)
0...1...2...3...4...5...6...7...8...9...10	Bounce #5 added RGB(583, 361, 576)
0...1...2...3...4...5...6...7...8...9...10	Bounce #6 added RGB(187, 100, 184)
0...1...2...3...4...5...6...7...8...9...10	Bounce #7 added RGB(61, 28, 60)
0...1...2...3...4...5...6...7...8...9...10	Bounce #8 added RGB(21, 8, 20)
0...1...2...3...4...5...6...7...8...9...10	Bounce #9 added RGB(7, 2, 7)
0...1...2...3...4...5...6...7...8...9...10	Bounce #10 added RGB(2, 1, 2)
0...1...2...3...4...5...6...7...8...9...10	Bounce #11 added RGB(1, 0, 1)
Build Patch/Sample Hash Table(s).....Done<0.0611 sec>
0...1...2...3...4...5...6...7...8...9...10FinalLightFace Done
0 of 0 (0% of) surface lights went in leaf ambient cubes.
0...1...2...3...4...5...6...7...8...9...10Writing leaf ambient...done
Ready to Finish

Object names       Objects/Maxobjs  Memory / Maxmem  Fullness 
------------       ---------------  ---------------  -------- 
models                  61/4096         2928/196608   ( 1.5%) 
brushes               1798/32768       21576/393216   ( 5.5%) 
brushsides           16020/65536      128160/524288   (24.4%) 
planes                9722/65536      194440/1310720  (14.8%) 
vertexes             12795/65536      153540/786432   (19.5%) 
nodes                 5032/65536      161024/2097152  ( 7.7%) 
texinfos               971/12288       69912/884736   ( 7.9%) 
texdata                 21/2048          672/65536    ( 1.0%) 
dispinfos                0/0               0/0        ( 0.0%) 
disp_verts               0/0               0/0        ( 0.0%) 
disp_tris                0/0               0/0        ( 0.0%) 
disp_lmsamples           0/0               0/0        ( 0.0%) 
faces                 7885/65536      441560/3670016  (12.0%) 
hdr faces                0/65536           0/3670016  ( 0.0%) 
origfaces             4378/65536      245168/3670016  ( 6.7%) 
leaves                5094/65536      163008/2097152  ( 7.8%) 
leaffaces             9126/65536       18252/131072   (13.9%) 
leafbrushes           4211/65536        8422/131072   ( 6.4%) 
areas                    2/1024           16/8192     ( 0.2%) 
surfedges            54791/512000     219164/2048000  (10.7%) 
edges                32420/256000     129680/1024000  (12.7%) 
LDR worldlights        242/16384       21296/1441792  ( 1.5%) 
HDR worldlights          0/16384           0/1441792  ( 0.0%) 
leafwaterdata            1/32768          12/393216   ( 0.0%) 
waterstrips            672/131072       6720/1310720  ( 0.5%) 
waterverts               0/131072          0/1572864  ( 0.0%) 
waterindices         10095/131072      20190/262144   ( 7.7%) 
cubemapsamples           1/1024           16/16384    ( 0.1%) 
overlays                 6/1024         2112/360448   ( 0.6%) 
LDR lightdata         [variable]     5430008/0        ( 0.0%) 
HDR lightdata         [variable]           0/0        ( 0.0%) 
visdata               [variable]      806665/16777216 ( 4.8%) 
entdata               [variable]      132051/393216   (33.6%) 
LDR ambient table     5094/65536       20376/262144   ( 7.8%) 
HDR ambient table     5094/65536       20376/262144   ( 7.8%) 
LDR leaf ambient     25424/65536      711872/1835008  (38.8%) 
HDR leaf ambient      5094/65536      142632/1835008  ( 7.8%) 
occluders                0/0               0/0        ( 0.0%) 
occluder polygons        0/0               0/0        ( 0.0%) 
occluder vert ind        0/0               0/0        ( 0.0%) 
detail props          [variable]           1/12       ( 8.3%) 
static props          [variable]           1/31556    ( 0.0%) 
pakfile               [variable]      174881/0        ( 0.0%) 
physics               [variable]      647017/4194304  (15.4%) 
physics terrain       [variable]           2/1048576  ( 0.0%) 

Level flags = 1

Total triangle count: 21550
Writing d:\program files (x86)\steam\steamapps\sourcemods\fortress_obscura\maps\ctp_3purifier.bsp
1 minute, 43 seconds elapsed



[Reading texlights from 'lights.rad']
[34 texlights parsed from 'lights.rad']

Loading d:\program files (x86)\steam\steamapps\sourcemods\fortress_obscura\maps\ctp_3purifier.bsp
7885 faces
1194433 square feet [171998400.00 square inches]
0 Displacements
0 Square Feet [0.00 Square Inches]
7885 patches before subdivision
7885 patches after subdivision
242 direct lights
0...1...2...3...4...5...6...7...8...9...100...1...2...3...4...5...6...7...8...9...10transfers 753540, max 360
transfer lists:   5.7 megs
0...1...2...3...4...5...6...7...8...9...10	Bounce #1 added RGB(90550, 79988, 89682)
0...1...2...3...4...5...6...7...8...9...10	Bounce #2 added RGB(22897, 19110, 22632)
0...1...2...3...4...5...6...7...8...9...10	Bounce #3 added RGB(6414, 4991, 6369)
0...1...2...3...4...5...6...7...8...9...10	Bounce #4 added RGB(1890, 1318, 1865)
0...1...2...3...4...5...6...7...8...9...10	Bounce #5 added RGB(583, 361, 576)
0...1...2...3...4...5...6...7...8...9...10	Bounce #6 added RGB(187, 100, 184)
0...1...2...3...4...5...6...7...8...9...10	Bounce #7 added RGB(61, 28, 60)
0...1...2...3...4...5...6...7...8...9...10	Bounce #8 added RGB(21, 8, 20)
0...1...2...3...4...5...6...7...8...9...10	Bounce #9 added RGB(7, 2, 7)
0...1...2...3...4...5...6...7...8...9...10	Bounce #10 added RGB(2, 1, 2)
0...1...2...3...4...5...6...7...8...9...10	Bounce #11 added RGB(1, 0, 1)
Build Patch/Sample Hash Table(s).....Done<0.0461 sec>
0...1...2...3...4...5...6...7...8...9...10FinalLightFace Done
0 of 0 (0% of) surface lights went in leaf ambient cubes.
0...1...2...3...4...5...6...7...8...9...10Writing leaf ambient...done
Ready to Finish

Object names       Objects/Maxobjs  Memory / Maxmem  Fullness 
------------       ---------------  ---------------  -------- 
models                  61/4096         2928/196608   ( 1.5%) 
brushes               1798/32768       21576/393216   ( 5.5%) 
brushsides           16020/65536      128160/524288   (24.4%) 
planes                9722/65536      194440/1310720  (14.8%) 
vertexes             12795/65536      153540/786432   (19.5%) 
nodes                 5032/65536      161024/2097152  ( 7.7%) 
texinfos               971/12288       69912/884736   ( 7.9%) 
texdata                 21/2048          672/65536    ( 1.0%) 
dispinfos                0/0               0/0        ( 0.0%) 
disp_verts               0/0               0/0        ( 0.0%) 
disp_tris                0/0               0/0        ( 0.0%) 
disp_lmsamples           0/0               0/0        ( 0.0%) 
faces                 7885/65536      441560/3670016  (12.0%) 
hdr faces             7885/65536      441560/3670016  (12.0%) 
origfaces             4378/65536      245168/3670016  ( 6.7%) 
leaves                5094/65536      163008/2097152  ( 7.8%) 
leaffaces             9126/65536       18252/131072   (13.9%) 
leafbrushes           4211/65536        8422/131072   ( 6.4%) 
areas                    2/1024           16/8192     ( 0.2%) 
surfedges            54791/512000     219164/2048000  (10.7%) 
edges                32420/256000     129680/1024000  (12.7%) 
LDR worldlights        242/16384       21296/1441792  ( 1.5%) 
HDR worldlights        242/16384       21296/1441792  ( 1.5%) 
leafwaterdata            1/32768          12/393216   ( 0.0%) 
waterstrips            672/131072       6720/1310720  ( 0.5%) 
waterverts               0/131072          0/1572864  ( 0.0%) 
waterindices         10095/131072      20190/262144   ( 7.7%) 
cubemapsamples           1/1024           16/16384    ( 0.1%) 
overlays                 6/1024         2112/360448   ( 0.6%) 
LDR lightdata         [variable]     5430008/0        ( 0.0%) 
HDR lightdata         [variable]     5430008/0        ( 0.0%) 
visdata               [variable]      806665/16777216 ( 4.8%) 
entdata               [variable]      132051/393216   (33.6%) 
LDR ambient table     5094/65536       20376/262144   ( 7.8%) 
HDR ambient table     5094/65536       20376/262144   ( 7.8%) 
LDR leaf ambient     25424/65536      711872/1835008  (38.8%) 
HDR leaf ambient     25424/65536      711872/1835008  (38.8%) 
occluders                0/0               0/0        ( 0.0%) 
occluder polygons        0/0               0/0        ( 0.0%) 
occluder vert ind        0/0               0/0        ( 0.0%) 
detail props          [variable]           1/12       ( 8.3%) 
static props          [variable]           1/31556    ( 0.0%) 
pakfile               [variable]      174881/0        ( 0.0%) 
physics               [variable]      647017/4194304  (15.4%) 
physics terrain       [variable]           2/1048576  ( 0.0%) 

Level flags = 3

Total triangle count: 21550
Writing d:\program files (x86)\steam\steamapps\sourcemods\fortress_obscura\maps\ctp_3purifier.bsp
1 minute, 40 seconds elapsed



materialPath: D:\Program Files (x86)\Steam\steamapps\sourcemods\Fortress_Obscura\materials
Loading D:\Program Files (x86)\Steam\steamapps\sourcemods\Fortress_Obscura\maps\ctp_3purifier.vmf
Map revision 292
ConVarRef mat_reduceparticles doesn't point to an existing ConVar
fixing up env_cubemap materials on brush sides...
0...1...2...3...4...5...6...7...8...9...100...1...2...3...4...5...6...7...8...9...10Processing areas...done (0)
Building Faces...done (0)
Chop Details...done (0)
Find Visible Detail Sides...done (0)
Merging details...done (0)
FixTjuncs...
PruneNodes...
WriteBSP...
done (0)
writing D:\Program Files (x86)\Steam\steamapps\sourcemods\Fortress_Obscura\maps\ctp_3purifier.prt...Building visibility clusters...
done (0)
Finding displacement neighbors...
Finding lightmap sample positions...
Displacement Alpha : 0...1...2...3...4...5...6...7...8...9...10
Building Physics collision data...
done (1) (647017 bytes)
Placing detail props : 0...1...2...3...4...5...6...7...8...9...10
Water found with no water_lod_control entity, creating a default one.
Compacting texture/material tables...
Reduced 1813 texinfos to 971
Reduced 25 texdatas to 21 (678 bytes to 542)
Writing D:\Program Files (x86)\Steam\steamapps\sourcemods\Fortress_Obscura\maps\ctp_3purifier.bsp
Wrote ZIP buffer, estimated size 175899, actual size 174881
3 seconds elapsed



8 threads
reading d:\program files (x86)\steam\steamapps\sourcemods\fortress_obscura\maps\ctp_3purifier.bsp
reading d:\program files (x86)\steam\steamapps\sourcemods\fortress_obscura\maps\ctp_3purifier.prt
1994 portalclusters
5409 numportals
0...1...2...3...4...5...6...7...8...9...10Optimized: 127820 visible clusters (0.00%)
Total clusters visible: 1692411
Average clusters visible: 848
Building PAS...
Average clusters audible: 1872
visdatasize:806460  compressed from 1020928
writing d:\program files (x86)\steam\steamapps\sourcemods\fortress_obscura\maps\ctp_3purifier.bsp
1 second elapsed



[Reading texlights from 'lights.rad']
[34 texlights parsed from 'lights.rad']

Loading d:\program files (x86)\steam\steamapps\sourcemods\fortress_obscura\maps\ctp_3purifier.bsp
7882 faces
1194714 square feet [172038848.00 square inches]
0 Displacements
0 Square Feet [0.00 Square Inches]
7882 patches before subdivision
7882 patches after subdivision
242 direct lights
0...1...2...3...4...5...6...7...8...9...100...1...2...3...4...5...6...7...8...9...10transfers 752919, max 360
transfer lists:   5.7 megs
0...1...2...3...4...5...6...7...8...9...10	Bounce #1 added RGB(90424, 79887, 89583)
0...1...2...3...4...5...6...7...8...9...10	Bounce #2 added RGB(22853, 19074, 22591)
0...1...2...3...4...5...6...7...8...9...10	Bounce #3 added RGB(6403, 4982, 6358)
0...1...2...3...4...5...6...7...8...9...10	Bounce #4 added RGB(1886, 1315, 1862)
0...1...2...3...4...5...6...7...8...9...10	Bounce #5 added RGB(582, 361, 575)
0...1...2...3...4...5...6...7...8...9...10	Bounce #6 added RGB(187, 100, 184)
0...1...2...3...4...5...6...7...8...9...10	Bounce #7 added RGB(61, 28, 60)
0...1...2...3...4...5...6...7...8...9...10	Bounce #8 added RGB(21, 8, 20)
0...1...2...3...4...5...6...7...8...9...10	Bounce #9 added RGB(7, 2, 7)
0...1...2...3...4...5...6...7...8...9...10	Bounce #10 added RGB(2, 1, 2)
0...1...2...3...4...5...6...7...8...9...10	Bounce #11 added RGB(1, 0, 1)
Build Patch/Sample Hash Table(s).....Done<0.0451 sec>
0...1...2...3...4...5...6...7...8...9...10FinalLightFace Done
0 of 0 (0% of) surface lights went in leaf ambient cubes.
0...1...2...3...4...5...6...7...8...9...10Writing leaf ambient...done
Ready to Finish

Object names       Objects/Maxobjs  Memory / Maxmem  Fullness 
------------       ---------------  ---------------  -------- 
models                  61/4096         2928/196608   ( 1.5%) 
brushes               1798/32768       21576/393216   ( 5.5%) 
brushsides           16020/65536      128160/524288   (24.4%) 
planes                9722/65536      194440/1310720  (14.8%) 
vertexes             12791/65536      153492/786432   (19.5%) 
nodes                 5031/65536      160992/2097152  ( 7.7%) 
texinfos               971/12288       69912/884736   ( 7.9%) 
texdata                 21/2048          672/65536    ( 1.0%) 
dispinfos                0/0               0/0        ( 0.0%) 
disp_verts               0/0               0/0        ( 0.0%) 
disp_tris                0/0               0/0        ( 0.0%) 
disp_lmsamples           0/0               0/0        ( 0.0%) 
faces                 7882/65536      441392/3670016  (12.0%) 
hdr faces                0/65536           0/3670016  ( 0.0%) 
origfaces             4378/65536      245168/3670016  ( 6.7%) 
leaves                5093/65536      162976/2097152  ( 7.8%) 
leaffaces             9123/65536       18246/131072   (13.9%) 
leafbrushes           4212/65536        8424/131072   ( 6.4%) 
areas                    2/1024           16/8192     ( 0.2%) 
surfedges            54775/512000     219100/2048000  (10.7%) 
edges                32410/256000     129640/1024000  (12.7%) 
LDR worldlights        242/16384       21296/1441792  ( 1.5%) 
HDR worldlights          0/16384           0/1441792  ( 0.0%) 
leafwaterdata            1/32768          12/393216   ( 0.0%) 
waterstrips            671/131072       6710/1310720  ( 0.5%) 
waterverts               0/131072          0/1572864  ( 0.0%) 
waterindices         10080/131072      20160/262144   ( 7.7%) 
cubemapsamples           1/1024           16/16384    ( 0.1%) 
overlays                 6/1024         2112/360448   ( 0.6%) 
LDR lightdata         [variable]     5439212/0        ( 0.0%) 
HDR lightdata         [variable]           0/0        ( 0.0%) 
visdata               [variable]      806460/16777216 ( 4.8%) 
entdata               [variable]      132051/393216   (33.6%) 
LDR ambient table     5093/65536       20372/262144   ( 7.8%) 
HDR ambient table     5093/65536       20372/262144   ( 7.8%) 
LDR leaf ambient     25412/65536      711536/1835008  (38.8%) 
HDR leaf ambient      5093/65536      142604/1835008  ( 7.8%) 
occluders                0/0               0/0        ( 0.0%) 
occluder polygons        0/0               0/0        ( 0.0%) 
occluder vert ind        0/0               0/0        ( 0.0%) 
detail props          [variable]           1/12       ( 8.3%) 
static props          [variable]           1/31556    ( 0.0%) 
pakfile               [variable]      174881/0        ( 0.0%) 
physics               [variable]      647017/4194304  (15.4%) 
physics terrain       [variable]           2/1048576  ( 0.0%) 

Level flags = 1

Total triangle count: 21540
Writing d:\program files (x86)\steam\steamapps\sourcemods\fortress_obscura\maps\ctp_3purifier.bsp
1 minute, 39 seconds elapsed



[Reading texlights from 'lights.rad']
[34 texlights parsed from 'lights.rad']

Loading d:\program files (x86)\steam\steamapps\sourcemods\fortress_obscura\maps\ctp_3purifier.bsp
7882 faces
1194714 square feet [172038848.00 square inches]
0 Displacements
0 Square Feet [0.00 Square Inches]
7882 patches before subdivision
7882 patches after subdivision
242 direct lights
0...1...2...3...4...5...6...7...8...9...100...1...2...3...4...5...6...7...8...9...10transfers 752919, max 360
transfer lists:   5.7 megs
0...1...2...3...4...5...6...7...8...9...10	Bounce #1 added RGB(90424, 79887, 89583)
0...1...2...3...4...5...6...7...8...9...10	Bounce #2 added RGB(22853, 19074, 22591)
0...1...2...3...4...5...6...7...8...9...10	Bounce #3 added RGB(6403, 4982, 6358)
0...1...2...3...4...5...6...7...8...9...10	Bounce #4 added RGB(1886, 1315, 1862)
0...1...2...3...4...5...6...7...8...9...10	Bounce #5 added RGB(582, 361, 575)
0...1...2...3...4...5...6...7...8...9...10	Bounce #6 added RGB(187, 100, 184)
0...1...2...3...4...5...6...7...8...9...10	Bounce #7 added RGB(61, 28, 60)
0...1...2...3...4...5...6...7...8...9...10	Bounce #8 added RGB(21, 8, 20)
0...1...2...3...4...5...6...7...8...9...10	Bounce #9 added RGB(7, 2, 7)
0...1...2...3...4...5...6...7...8...9...10	Bounce #10 added RGB(2, 1, 2)
0...1...2...3...4...5...6...7...8...9...10	Bounce #11 added RGB(1, 0, 1)
Build Patch/Sample Hash Table(s).....Done<0.0571 sec>
0...1...2...3...4...5...6...7...8...9...10FinalLightFace Done
0 of 0 (0% of) surface lights went in leaf ambient cubes.
0...1...2...3...4...5...6...7...8...9...10Writing leaf ambient...done
Ready to Finish

Object names       Objects/Maxobjs  Memory / Maxmem  Fullness 
------------       ---------------  ---------------  -------- 
models                  61/4096         2928/196608   ( 1.5%) 
brushes               1798/32768       21576/393216   ( 5.5%) 
brushsides           16020/65536      128160/524288   (24.4%) 
planes                9722/65536      194440/1310720  (14.8%) 
vertexes             12791/65536      153492/786432   (19.5%) 
nodes                 5031/65536      160992/2097152  ( 7.7%) 
texinfos               971/12288       69912/884736   ( 7.9%) 
texdata                 21/2048          672/65536    ( 1.0%) 
dispinfos                0/0               0/0        ( 0.0%) 
disp_verts               0/0               0/0        ( 0.0%) 
disp_tris                0/0               0/0        ( 0.0%) 
disp_lmsamples           0/0               0/0        ( 0.0%) 
faces                 7882/65536      441392/3670016  (12.0%) 
hdr faces             7882/65536      441392/3670016  (12.0%) 
origfaces             4378/65536      245168/3670016  ( 6.7%) 
leaves                5093/65536      162976/2097152  ( 7.8%) 
leaffaces             9123/65536       18246/131072   (13.9%) 
leafbrushes           4212/65536        8424/131072   ( 6.4%) 
areas                    2/1024           16/8192     ( 0.2%) 
surfedges            54775/512000     219100/2048000  (10.7%) 
edges                32410/256000     129640/1024000  (12.7%) 
LDR worldlights        242/16384       21296/1441792  ( 1.5%) 
HDR worldlights        242/16384       21296/1441792  ( 1.5%) 
leafwaterdata            1/32768          12/393216   ( 0.0%) 
waterstrips            671/131072       6710/1310720  ( 0.5%) 
waterverts               0/131072          0/1572864  ( 0.0%) 
waterindices         10080/131072      20160/262144   ( 7.7%) 
cubemapsamples           1/1024           16/16384    ( 0.1%) 
overlays                 6/1024         2112/360448   ( 0.6%) 
LDR lightdata         [variable]     5439212/0        ( 0.0%) 
HDR lightdata         [variable]     5439212/0        ( 0.0%) 
visdata               [variable]      806460/16777216 ( 4.8%) 
entdata               [variable]      132051/393216   (33.6%) 
LDR ambient table     5093/65536       20372/262144   ( 7.8%) 
HDR ambient table     5093/65536       20372/262144   ( 7.8%) 
LDR leaf ambient     25412/65536      711536/1835008  (38.8%) 
HDR leaf ambient     25412/65536      711536/1835008  (38.8%) 
occluders                0/0               0/0        ( 0.0%) 
occluder polygons        0/0               0/0        ( 0.0%) 
occluder vert ind        0/0               0/0        ( 0.0%) 
detail props          [variable]           1/12       ( 8.3%) 
static props          [variable]           1/31556    ( 0.0%) 
pakfile               [variable]      174881/0        ( 0.0%) 
physics               [variable]      647017/4194304  (15.4%) 
physics terrain       [variable]           2/1048576  ( 0.0%) 

Level flags = 3

Total triangle count: 21540
Writing d:\program files (x86)\steam\steamapps\sourcemods\fortress_obscura\maps\ctp_3purifier.bsp
1 minute, 46 seconds elapsed
