


materialPath: D:\Program Files (x86)\Steam\steamapps\sourcemods\Fortress_Obscura\materials
Loading D:\Program Files (x86)\Steam\steamapps\sourcemods\Fortress_Obscura\maps\dom_6hydro_old.vmf
Map revision 4400
ConVarRef mat_reduceparticles doesn't point to an existing ConVar
Patching WVT material: maps/dom_6hydro_old/nature/blendrockground006_wvt_patch
Patching WVT material: maps/dom_6hydro_old/nature/blendrockground004_wvt_patch
fixing up env_cubemap materials on brush sides...
0...1...2...3...4...5...6...7...8...9...100...1...2...3...4...5...6...7...8...9...10Processing areas...done (0)
Building Faces...done (0)
Occluder "occ_AtoD2" straddles multiple areas. This is invalid!
Occluder "occ_AtoD2" straddles multiple areas. This is invalid!
Occluder "occ_AtoD2" straddles multiple areas. This is invalid!
Occluder "occ_AtoD2" straddles multiple areas. This is invalid!
Occluder "occ_AtoD2" straddles multiple areas. This is invalid!
Occluder "occ_AtoD2" straddles multiple areas. This is invalid!
Occluder "occ_AtoD2" straddles multiple areas. This is invalid!
Occluder "occ_AtoD2" straddles multiple areas. This is invalid!
Occluder "occ_AtoD2" straddles multiple areas. This is invalid!
Occluder "occ_AtoD2" straddles multiple areas. This is invalid!
Occluder "occ_AtoD2" straddles multiple areas. This is invalid!
Occluder "occ_AtoD2" straddles multiple areas. This is invalid!
Occluder "occ_AtoD2" straddles multiple areas. This is invalid!
Occluder "occ_AtoD2" straddles multiple areas. This is invalid!
Occluder "occ_AtoD2" straddles multiple areas. This is invalid!
Occluder "occ_AtoD2" straddles multiple areas. This is invalid!
Occluder "occ_AtoD2" straddles multiple areas. This is invalid!
Occluder "occ_AtoD2" straddles multiple areas. This is invalid!
Occluder "occ_AtoD2" straddles multiple areas. This is invalid!
Occluder "occ_AtoD2" straddles multiple areas. This is invalid!
Occluder "occ_AtoD2" straddles multiple areas. This is invalid!
Occluder "occ_AtoD2" straddles multiple areas. This is invalid!
Occluder "occ_AtoD2" straddles multiple areas. This is invalid!
Occluder "occ_AtoD2" straddles multiple areas. This is invalid!
Occluder "occ_AtoD2" straddles multiple areas. This is invalid!
Occluder "occ_AtoD2" straddles multiple areas. This is invalid!
Occluder "occ_AtoD2" straddles multiple areas. This is invalid!
Occluder "occ_AtoD2" straddles multiple areas. This is invalid!
Occluder "occ_AtoD2" straddles multiple areas. This is invalid!
Occluder "occ_AtoD2" straddles multiple areas. This is invalid!
Occluder "occ_AtoD2" straddles multiple areas. This is invalid!
Occluder "occ_AtoD2" straddles multiple areas. This is invalid!
Occluder "occ_AtoD2" straddles multiple areas. This is invalid!
Occluder "occ_AtoD2" straddles multiple areas. This is invalid!
Occluder "occ_AtoD2" straddles multiple areas. This is invalid!
Occluder "occ_AtoD2" straddles multiple areas. This is invalid!
Occluder "occ_AtoD2" straddles multiple areas. This is invalid!
Occluder "occ_AtoD2" straddles multiple areas. This is invalid!
Occluder "occ_AtoD2" straddles multiple areas. This is invalid!
Occluder "occ_AtoD2" straddles multiple areas. This is invalid!
Occluder "occ_AtoD2" straddles multiple areas. This is invalid!
Occluder "occ_AtoD2" straddles multiple areas. This is invalid!
Occluder "occ_AtoD2" straddles multiple areas. This is invalid!
Occluder "occ_AtoD2" straddles multiple areas. This is invalid!
Occluder "occ_AtoD2" straddles multiple areas. This is invalid!
Occluder "occ_AtoD2" straddles multiple areas. This is invalid!
Occluder "occ_AtoD2" straddles multiple areas. This is invalid!
Occluder "occ_AtoD2" straddles multiple areas. This is invalid!
Occluder "occ_AtoD2" straddles multiple areas. This is invalid!
Occluder "occ_AtoD2" straddles multiple areas. This is invalid!
Occluder "occ_AtoD2" straddles multiple areas. This is invalid!
Occluder "occ_AtoD2" straddles multiple areas. This is invalid!
Occluder "occ_AtoD2" straddles multiple areas. This is invalid!
Occluder "occ_AtoD2" straddles multiple areas. This is invalid!
Occluder "occ_AtoD2" straddles multiple areas. This is invalid!
Occluder "occ_AtoD2" straddles multiple areas. This is invalid!
Occluder "occ_AtoD2" straddles multiple areas. This is invalid!
Occluder "occ_AtoD2" straddles multiple areas. This is invalid!
Occluder "occ_AtoD2" straddles multiple areas. This is invalid!
Occluder "occ_AtoD2" straddles multiple areas. This is invalid!
Occluder "occ_AtoD2" straddles multiple areas. This is invalid!
Occluder "occ_AtoD2" straddles multiple areas. This is invalid!
Occluder "occ_AtoD2" straddles multiple areas. This is invalid!
Occluder "occ_AtoD2" straddles multiple areas. This is invalid!
Occluder "occ_AtoD2" straddles multiple areas. This is invalid!
Occluder "occ_AtoD2" straddles multiple areas. This is invalid!
Occluder "occ_AtoD2" straddles multiple areas. This is invalid!
Occluder "occ_AtoD2" straddles multiple areas. This is invalid!
Occluder "occ_AtoD2" straddles multiple areas. This is invalid!
Occluder "occ_AtoD2" straddles multiple areas. This is invalid!
Occluder "occ_AtoD2" straddles multiple areas. This is invalid!
Occluder "occ_AtoD2" straddles multiple areas. This is invalid!
Occluder "occ_AtoD2" straddles multiple areas. This is invalid!
Occluder "occ_AtoD2" straddles multiple areas. This is invalid!
Occluder "occ_AtoD2" straddles multiple areas. This is invalid!
Occluder "occ_AtoD2" straddles multiple areas. This is invalid!
Occluder "occ_AtoD2" straddles multiple areas. This is invalid!
Occluder "occ_AtoD2" straddles multiple areas. This is invalid!
Occluder "occ_AtoD2" straddles multiple areas. This is invalid!
Occluder "occ_AtoD2" straddles multiple areas. This is invalid!
Occluder "occ_AtoD2" straddles multiple areas. This is invalid!
Occluder "occ_AtoD1" straddles multiple areas. This is invalid!
Occluder "occ_AtoD1" straddles multiple areas. This is invalid!
Occluder "occ_AtoD1" straddles multiple areas. This is invalid!
Occluder "occ_AtoD1" straddles multiple areas. This is invalid!
Occluder "occ_AtoD1" straddles multiple areas. This is invalid!
Occluder "occ_AtoD1" straddles multiple areas. This is invalid!
Occluder "occ_AtoD1" straddles multiple areas. This is invalid!
Occluder "occ_AtoD1" straddles multiple areas. This is invalid!
Occluder "occ_AtoD1" straddles multiple areas. This is invalid!
Occluder "occ_AtoD1" straddles multiple areas. This is invalid!
Occluder "occ_AtoD1" straddles multiple areas. This is invalid!
Occluder "occ_BtoD3" straddles multiple areas. This is invalid!
Occluder "occ_BtoD3" straddles multiple areas. This is invalid!
Occluder "occ_BtoD3" straddles multiple areas. This is invalid!
Occluder "occ_BtoD3" straddles multiple areas. This is invalid!
Occluder "occ_BtoD3" straddles multiple areas. This is invalid!
Occluder "occ_BtoD3" straddles multiple areas. This is invalid!
Occluder "occ_BtoD3" straddles multiple areas. This is invalid!
Occluder "occ_BtoD3" straddles multiple areas. This is invalid!
Occluder "occ_BtoD3" straddles multiple areas. This is invalid!
Occluder "occ_BtoD3" straddles multiple areas. This is invalid!
Occluder "occ_BtoD3" straddles multiple areas. This is invalid!
Occluder "occ_BtoD3" straddles multiple areas. This is invalid!
Occluder "occ_BtoD3" straddles multiple areas. This is invalid!
Occluder "occ_BtoD3" straddles multiple areas. This is invalid!
Occluder "occ_BtoD3" straddles multiple areas. This is invalid!
Occluder "occ_BtoD3" straddles multiple areas. This is invalid!
Occluder "occ_BtoD3" straddles multiple areas. This is invalid!
Occluder "occ_BtoD3" straddles multiple areas. This is invalid!
Occluder "occ_BtoD3" straddles multiple areas. This is invalid!
Occluder "occ_BtoD3" straddles multiple areas. This is invalid!
Occluder "occ_BtoD3" straddles multiple areas. This is invalid!
Occluder "occ_BtoD3" straddles multiple areas. This is invalid!
Occluder "occ_BtoD3" straddles multiple areas. This is invalid!
Occluder "occ_BtoD3" straddles multiple areas. This is invalid!
Occluder "occ_BtoD2" straddles multiple areas. This is invalid!
Occluder "occ_BtoD2" straddles multiple areas. This is invalid!
Occluder "occ_BtoD2" straddles multiple areas. This is invalid!
Occluder "occ_BtoD2" straddles multiple areas. This is invalid!
Chop Details...done (1)
Find Visible Detail Sides...
Merged 2350 detail faces...done (1)
Merging details...done (0)
FixTjuncs...
PruneNodes...
WriteBSP...
done (2)
writing D:\Program Files (x86)\Steam\steamapps\sourcemods\Fortress_Obscura\maps\dom_6hydro_old.prt...Building visibility clusters...
done (1)
Finding displacement neighbors...
Found a displacement edge abutting multiple other edges.
Finding lightmap sample positions...
Displacement Alpha : 0...1...2...3...4...5...6...7...8...9...10
Building Physics collision data...

qhull precision error: Only 4 facets remain.  Can not merge another
pair.  The convexity constraints may be too strong.  Reduce the
magnitude of 'Cn' or increase the magnitude of 'An'.  For example,
try 'C-0.001' instead of 'C-0.1' or 'A-0.999' instead of 'A-0.9'.
done (1) (2506390 bytes)
Placing detail props : 0...1...2...3...4...5...6...7...8...9...10
Compacting texture/material tables...
Reduced 14248 texinfos to 7581
Reduced 373 texdatas to 298 (15296 bytes to 11397)
Writing D:\Program Files (x86)\Steam\steamapps\sourcemods\Fortress_Obscura\maps\dom_6hydro_old.bsp
Wrote ZIP buffer, estimated size 20892659, actual size 20799985
15 seconds elapsed



8 threads
reading d:\program files (x86)\steam\steamapps\sourcemods\fortress_obscura\maps\dom_6hydro_old.bsp
reading d:\program files (x86)\steam\steamapps\sourcemods\fortress_obscura\maps\dom_6hydro_old.prt
2871 portalclusters
7315 numportals
0...1...2...3...4...5...6...7...8...9...100...1...2...3...4...5...6...7...8...9...10Optimized: 8777 visible clusters (0.00%)
Total clusters visible: 682803
Average clusters visible: 237
Building PAS...
Average clusters audible: 1005
visdatasize:883054  compressed from 2067120
writing d:\program files (x86)\steam\steamapps\sourcemods\fortress_obscura\maps\dom_6hydro_old.bsp
49 seconds elapsed



[Reading texlights from 'lights.rad']
[34 texlights parsed from 'lights.rad']

Loading d:\program files (x86)\steam\steamapps\sourcemods\fortress_obscura\maps\dom_6hydro_old.bsp
Loaded alpha texture materials\models\props_foliage\bramble01a.vtf
Loaded alpha texture materials\models\props_foliage\deadtree01.vtf
20570 faces
2641399 square feet [380361440.00 square inches]
1688 Displacements
605358 Square Feet [87171560.00 Square Inches]
20570 patches before subdivision
189952 patches after subdivision
765 direct lights
0...1...2...3...4...5...6...7...8...9...100...1...2...3...4...5...6...7...8...9...10transfers 15919205, max 667
transfer lists: 121.5 megs
0...1...2...3...4...5...6...7...8...9...10	Bounce #1 added RGB(995660, 761537, 686979)
0...1...2...3...4...5...6...7...8...9...10	Bounce #2 added RGB(261693, 178275, 135697)
0...1...2...3...4...5...6...7...8...9...10	Bounce #3 added RGB(74140, 47146, 31569)
0...1...2...3...4...5...6...7...8...9...10	Bounce #4 added RGB(24003, 14133, 8259)
0...1...2...3...4...5...6...7...8...9...10	Bounce #5 added RGB(8097, 4470, 2334)
0...1...2...3...4...5...6...7...8...9...10	Bounce #6 added RGB(2899, 1500, 703)
0...1...2...3...4...5...6...7...8...9...10	Bounce #7 added RGB(1072, 522, 223)
0...1...2...3...4...5...6...7...8...9...10	Bounce #8 added RGB(411, 189, 74)
0...1...2...3...4...5...6...7...8...9...10	Bounce #9 added RGB(162, 70, 25)
0...1...2...3...4...5...6...7...8...9...10	Bounce #10 added RGB(66, 27, 9)
0...1...2...3...4...5...6...7...8...9...10	Bounce #11 added RGB(28, 11, 3)
0...1...2...3...4...5...6...7...8...9...10	Bounce #12 added RGB(12, 4, 1)
0...1...2...3...4...5...6...7...8...9...10	Bounce #13 added RGB(5, 2, 0)
0...1...2...3...4...5...6...7...8...9...10	Bounce #14 added RGB(2, 1, 0)
0...1...2...3...4...5...6...7...8...9...10	Bounce #15 added RGB(1, 0, 0)
0...1...2...3...4...5...6...7...8...9...10	Bounce #16 added RGB(1, 0, 0)
Build Patch/Sample Hash Table(s).....Done<0.0753 sec>
0...1...2...3...4...5...6...7...8...9...10FinalLightFace Done
270 of 417 (64% of) surface lights went in leaf ambient cubes.
0...1...2...3...4...5...6...7...8...9...10Writing leaf ambient...done
Computing static prop lighting : 00...1...2...3...4...5...6...7...8...9...10
Ready to Finish

Object names       Objects/Maxobjs  Memory / Maxmem  Fullness 
------------       ---------------  ---------------  -------- 
models                 141/4096         6768/196608   ( 3.4%) 
brushes               7273/32768       87276/393216   (22.2%) 
brushsides           53464/65536      427712/524288   (81.6%) VERY FULL!
planes               22808/65536      456160/1310720  (34.8%) 
vertexes             38953/65536      467436/786432   (59.4%) 
nodes                 7660/65536      245120/2097152  (11.7%) 
texinfos              7581/12288      545832/884736   (61.7%) 
texdata                298/2048         9536/65536    (14.6%) 
dispinfos             1688/0          297088/0        ( 0.0%) 
disp_verts           42368/0          847360/0        ( 0.0%) 
disp_tris            54304/0          108608/0        ( 0.0%) 
disp_lmsamples     1285580/0         1285580/0        ( 0.0%) 
faces                20570/65536     1151920/3670016  (31.4%) 
hdr faces                0/65536           0/3670016  ( 0.0%) 
origfaces            17216/65536      964096/3670016  (26.3%) 
leaves                7802/65536      249664/2097152  (11.9%) 
leaffaces            23545/65536       47090/131072   (35.9%) 
leafbrushes          16402/65536       32804/131072   (25.0%) 
areas                   69/1024          552/8192     ( 6.7%) 
surfedges           169499/512000     677996/2048000  (33.1%) 
edges               111699/256000     446796/1024000  (43.6%) 
LDR worldlights        765/16384       67320/1441792  ( 4.7%) 
HDR worldlights          0/16384           0/1441792  ( 0.0%) 
leafwaterdata            2/32768          24/393216   ( 0.0%) 
waterstrips           2370/131072      23700/1310720  ( 1.8%) 
waterverts               0/131072          0/1572864  ( 0.0%) 
waterindices         44703/131072      89406/262144   (34.1%) 
cubemapsamples         238/1024         3808/16384    (23.2%) 
overlays               388/1024       136576/360448   (37.9%) 
LDR lightdata         [variable]    11491348/0        ( 0.0%) 
HDR lightdata         [variable]           0/0        ( 0.0%) 
visdata               [variable]      883054/16777216 ( 5.3%) 
entdata               [variable]      392990/393216   (99.9%) VERY FULL!
LDR ambient table     7802/65536       31208/262144   (11.9%) 
HDR ambient table     7802/65536       31208/262144   (11.9%) 
LDR leaf ambient     44436/65536     1244208/1835008  (67.8%) 
HDR leaf ambient      7802/65536      218456/1835008  (11.9%) 
occluders               22/0             880/0        ( 0.0%) 
occluder polygons       50/0             600/0        ( 0.0%) 
occluder vert ind      219/0             876/0        ( 0.0%) 
detail props          [variable]           1/12       ( 8.3%) 
static props          [variable]           1/225010   ( 0.0%) 
pakfile               [variable]    32356573/0        ( 0.0%) 
physics               [variable]     2506390/4194304  (59.8%) 
physics terrain       [variable]      274168/1048576  (26.1%) 

Level flags = 1

Total triangle count: 59328
Writing d:\program files (x86)\steam\steamapps\sourcemods\fortress_obscura\maps\dom_6hydro_old.bsp
4 minutes, 13 seconds elapsed



[Reading texlights from 'lights.rad']
[34 texlights parsed from 'lights.rad']

Loading d:\program files (x86)\steam\steamapps\sourcemods\fortress_obscura\maps\dom_6hydro_old.bsp
Loaded alpha texture materials\models\props_foliage\bramble01a.vtf
Loaded alpha texture materials\models\props_foliage\deadtree01.vtf
20570 faces
2641399 square feet [380361440.00 square inches]
1688 Displacements
605358 Square Feet [87171560.00 Square Inches]
20570 patches before subdivision
189952 patches after subdivision
765 direct lights
0...1...2...3...4...5...6...7...8...9...100...1...2...3...4...5...6...7...8...9...10transfers 15919205, max 667
transfer lists: 121.5 megs
0...1...2...3...4...5...6...7...8...9...10	Bounce #1 added RGB(954546, 720641, 650853)
0...1...2...3...4...5...6...7...8...9...10	Bounce #2 added RGB(248983, 167843, 128193)
0...1...2...3...4...5...6...7...8...9...10	Bounce #3 added RGB(69854, 44091, 29703)
0...1...2...3...4...5...6...7...8...9...10	Bounce #4 added RGB(22520, 13242, 7814)
0...1...2...3...4...5...6...7...8...9...10	Bounce #5 added RGB(7556, 4187, 2216)
0...1...2...3...4...5...6...7...8...9...10	Bounce #6 added RGB(2696, 1407, 671)
0...1...2...3...4...5...6...7...8...9...10	Bounce #7 added RGB(992, 490, 214)
0...1...2...3...4...5...6...7...8...9...10	Bounce #8 added RGB(379, 177, 71)
0...1...2...3...4...5...6...7...8...9...10	Bounce #9 added RGB(149, 66, 25)
0...1...2...3...4...5...6...7...8...9...10	Bounce #10 added RGB(61, 25, 9)
0...1...2...3...4...5...6...7...8...9...10	Bounce #11 added RGB(25, 10, 3)
0...1...2...3...4...5...6...7...8...9...10	Bounce #12 added RGB(11, 4, 1)
0...1...2...3...4...5...6...7...8...9...10	Bounce #13 added RGB(5, 2, 0)
0...1...2...3...4...5...6...7...8...9...10	Bounce #14 added RGB(2, 1, 0)
0...1...2...3...4...5...6...7...8...9...10	Bounce #15 added RGB(1, 0, 0)
Build Patch/Sample Hash Table(s).....Done<0.0767 sec>
0...1...2...3...4...5...6...7...8...9...10FinalLightFace Done
270 of 417 (64% of) surface lights went in leaf ambient cubes.
0...1...2...3...4...5...6...7...8...9...10Writing leaf ambient...done
Computing static prop lighting : 00...1...2...3...4...5...6...7...8...9...10
Ready to Finish

Object names       Objects/Maxobjs  Memory / Maxmem  Fullness 
------------       ---------------  ---------------  -------- 
models                 141/4096         6768/196608   ( 3.4%) 
brushes               7273/32768       87276/393216   (22.2%) 
brushsides           53464/65536      427712/524288   (81.6%) VERY FULL!
planes               22808/65536      456160/1310720  (34.8%) 
vertexes             38953/65536      467436/786432   (59.4%) 
nodes                 7660/65536      245120/2097152  (11.7%) 
texinfos              7581/12288      545832/884736   (61.7%) 
texdata                298/2048         9536/65536    (14.6%) 
dispinfos             1688/0          297088/0        ( 0.0%) 
disp_verts           42368/0          847360/0        ( 0.0%) 
disp_tris            54304/0          108608/0        ( 0.0%) 
disp_lmsamples     1285580/0         1285580/0        ( 0.0%) 
faces                20570/65536     1151920/3670016  (31.4%) 
hdr faces            20570/65536     1151920/3670016  (31.4%) 
origfaces            17216/65536      964096/3670016  (26.3%) 
leaves                7802/65536      249664/2097152  (11.9%) 
leaffaces            23545/65536       47090/131072   (35.9%) 
leafbrushes          16402/65536       32804/131072   (25.0%) 
areas                   69/1024          552/8192     ( 6.7%) 
surfedges           169499/512000     677996/2048000  (33.1%) 
edges               111699/256000     446796/1024000  (43.6%) 
LDR worldlights        765/16384       67320/1441792  ( 4.7%) 
HDR worldlights        765/16384       67320/1441792  ( 4.7%) 
leafwaterdata            2/32768          24/393216   ( 0.0%) 
waterstrips           2370/131072      23700/1310720  ( 1.8%) 
waterverts               0/131072          0/1572864  ( 0.0%) 
waterindices         44703/131072      89406/262144   (34.1%) 
cubemapsamples         238/1024         3808/16384    (23.2%) 
overlays               388/1024       136576/360448   (37.9%) 
LDR lightdata         [variable]    11491348/0        ( 0.0%) 
HDR lightdata         [variable]    11491348/0        ( 0.0%) 
visdata               [variable]      883054/16777216 ( 5.3%) 
entdata               [variable]      392990/393216   (99.9%) VERY FULL!
LDR ambient table     7802/65536       31208/262144   (11.9%) 
HDR ambient table     7802/65536       31208/262144   (11.9%) 
LDR leaf ambient     44436/65536     1244208/1835008  (67.8%) 
HDR leaf ambient     44433/65536     1244124/1835008  (67.8%) 
occluders               22/0             880/0        ( 0.0%) 
occluder polygons       50/0             600/0        ( 0.0%) 
occluder vert ind      219/0             876/0        ( 0.0%) 
detail props          [variable]           1/12       ( 8.3%) 
static props          [variable]           1/225010   ( 0.0%) 
pakfile               [variable]    43933673/0        ( 0.0%) 
physics               [variable]     2506390/4194304  (59.8%) 
physics terrain       [variable]      274168/1048576  (26.1%) 

Level flags = 3

Total triangle count: 59328
Writing d:\program files (x86)\steam\steamapps\sourcemods\fortress_obscura\maps\dom_6hydro_old.bsp
4 minutes, 12 seconds elapsed
