


materialPath: D:\Program Files (x86)\Steam\steamapps\sourcemods\Fortress_Obscura\materials
Loading D:\Program Files (x86)\Steam\steamapps\sourcemods\Fortress_Obscura\maps\instances\daylight_cycle.vmf
"skybox/fake_nightfall_01" - "materials/skybox/fake_nightfall_01.vtf": cached version doesn't exist
fixing up env_cubemap materials on brush sides...
Creating default LDR cubemaps for env_cubemap using skybox materials:
   skybox/sky_day01_01*.vmt
 ! Run buildcubemaps in the engine to get the correct cube maps.
Creating default HDR cubemaps for env_cubemap using skybox materials:
   skybox/sky_day01_01*.vmt
 ! Run buildcubemaps in the engine to get the correct cube maps.
Finding displacement neighbors...
Finding lightmap sample positions...
Displacement Alpha : 0...1...2...3...4...5...6...7...8...9...10
Building Physics collision data...
done (0) (6031 bytes)
Placing detail props : 0...1...2...3...4...5...6...7...8...9...10
Compacting texture/material tables...
Reduced 11 texinfos to 7
Reduced 3 texdatas to 3 (60 bytes to 60)
Writing D:\Program Files (x86)\Steam\steamapps\sourcemods\Fortress_Obscura\maps\instances\daylight_cycle.bsp
Wrote ZIP buffer, estimated size 105901, actual size 105687
0 seconds elapsed



8 threads
reading d:\program files (x86)\steam\steamapps\sourcemods\fortress_obscura\maps\instances\daylight_cycle.bsp
reading d:\program files (x86)\steam\steamapps\sourcemods\fortress_obscura\maps\instances\daylight_cycle.prt
LoadPortals: couldn't read d:\program files (x86)\steam\steamapps\sourcemods\fortress_obscura\maps\instances\daylight_cycle.prt



materialPath: D:\Program Files (x86)\Steam\steamapps\sourcemods\Fortress_Obscura\materials
Loading D:\Program Files (x86)\Steam\steamapps\sourcemods\Fortress_Obscura\maps\instances\daylight_cycle.vmf
"skybox/fake_nightfall_01" - "materials/skybox/fake_nightfall_01.vtf": cached version doesn't exist
fixing up env_cubemap materials on brush sides...
Creating default LDR cubemaps for env_cubemap using skybox materials:
   skybox/sky_day01_01*.vmt
 ! Run buildcubemaps in the engine to get the correct cube maps.
Creating default HDR cubemaps for env_cubemap using skybox materials:
   skybox/sky_day01_01*.vmt
 ! Run buildcubemaps in the engine to get the correct cube maps.
Finding displacement neighbors...
Finding lightmap sample positions...
Displacement Alpha : 0...1...2...3...4...5...6...7...8...9...10
Building Physics collision data...
done (0) (6030 bytes)
Placing detail props : 0...1...2...3...4...5...6...7...8...9...10
Compacting texture/material tables...
Reduced 24 texinfos to 12
Reduced 3 texdatas to 3 (60 bytes to 60)
Writing D:\Program Files (x86)\Steam\steamapps\sourcemods\Fortress_Obscura\maps\instances\daylight_cycle.bsp
Wrote ZIP buffer, estimated size 105901, actual size 105687
0 seconds elapsed



8 threads
reading d:\program files (x86)\steam\steamapps\sourcemods\fortress_obscura\maps\instances\daylight_cycle.bsp
reading d:\program files (x86)\steam\steamapps\sourcemods\fortress_obscura\maps\instances\daylight_cycle.prt
LoadPortals: couldn't read d:\program files (x86)\steam\steamapps\sourcemods\fortress_obscura\maps\instances\daylight_cycle.prt
