


materialPath: D:\Program Files (x86)\Steam\steamapps\sourcemods\Fortress_Obscura\materials
Loading D:\Program Files (x86)\Steam\steamapps\sourcemods\Fortress_Obscura\maps\instances\koth_dogpile_prp.vmf
ConVarRef mat_reduceparticles doesn't point to an existing ConVar
fixing up env_cubemap materials on brush sides...
0...1...2...3...4...5...6...7...8...9...10**** leaked ****
Entity prop_static (-656.00 -1216.00 256.00) leaked!
Processing areas...done (0)
Building Faces...done (0)
Chop Details...done (0)
Find Visible Detail Sides...
Merged 2 detail faces...done (0)
Merging details...done (0)
FixTjuncs...
PruneNodes...
WriteBSP...
done (0)
Creating default LDR cubemaps for env_cubemap using skybox materials:
   skybox/sky_day01_01*.vmt
 ! Run buildcubemaps in the engine to get the correct cube maps.
Creating default HDR cubemaps for env_cubemap using skybox materials:
   skybox/sky_day01_01*.vmt
 ! Run buildcubemaps in the engine to get the correct cube maps.
Finding displacement neighbors...
Finding lightmap sample positions...
Displacement Alpha : 0...1...2...3...4...5...6...7...8...9...10
Building Physics collision data...
done (0) (58733 bytes)
Placing detail props : 0...1...2...3...4...5...6...7...8...9...10
Compacting texture/material tables...
Reduced 179 texinfos to 127
Reduced 21 texdatas to 21 (424 bytes to 424)
Writing D:\Program Files (x86)\Steam\steamapps\sourcemods\Fortress_Obscura\maps\instances\koth_dogpile_prp.bsp
Wrote ZIP buffer, estimated size 105909, actual size 105695
0 seconds elapsed



8 threads
reading d:\program files (x86)\steam\steamapps\sourcemods\fortress_obscura\maps\instances\koth_dogpile_prp.bsp
reading d:\program files (x86)\steam\steamapps\sourcemods\fortress_obscura\maps\instances\koth_dogpile_prp.prt
LoadPortals: couldn't read d:\program files (x86)\steam\steamapps\sourcemods\fortress_obscura\maps\instances\koth_dogpile_prp.prt
